Using pre-set license
Built from '2020.3/staging' branch; Version is '2020.3.6f1 (338bb68529b2) revision 3378102'; Using compiler version '192528614'; Build Type 'Release'
OS: 'Windows 10 Home; OS build 19043.1526; Version 2009; 64bit' Language: 'ko' Physical Memory: 16023 MB
BatchMode: 1, IsHumanControllingUs: 0, StartBugReporterOnCrash: 0, Is64bit: 1, IsPro: 0

 COMMAND LINE ARGUMENTS:
C:\Program Files\Unity\Hub\Editor\2020.3.6f1\Editor\Unity.exe
-adb2
-batchMode
-noUpm
-name
AssetImportWorker0
-projectPath
C:/Users/kayla/OneDrive/바탕 화면/Create with Code/ESCAPE_GAME
-logFile
Logs/AssetImportWorker0.log
-srvPort
52892
Successfully changed project path to: C:/Users/kayla/OneDrive/바탕 화면/Create with Code/ESCAPE_GAME
C:/Users/kayla/OneDrive/바탕 화면/Create with Code/ESCAPE_GAME
Using Asset Import Pipeline V2.
Default GameObject BitMask: CountDown already registered

Refreshing native plugins compatible for Editor in 22.21 ms, found 0 plugins.
Preloading 0 native plugins for Editor in 0.00 ms.
Initialize engine version: 2020.3.6f1 (338bb68529b2)
[Subsystems] Discovering subsystems at path C:/Program Files/Unity/Hub/Editor/2020.3.6f1/Editor/Data/Resources/UnitySubsystems
[Subsystems] Discovering subsystems at path C:/Users/kayla/OneDrive/바탕 화면/Create with Code/ESCAPE_GAME/Assets
GfxDevice: creating device client; threaded=0
Direct3D:
    Version:  Direct3D 11.0 [level 11.1]
    Renderer: Intel(R) Iris(R) Xe Graphics (ID=0x9a49)
    Vendor:   
    VRAM:     8011 MB
    Driver:   30.0.100.9864
Initialize mono
Mono path[0] = 'C:/Program Files/Unity/Hub/Editor/2020.3.6f1/Editor/Data/Managed'
Mono path[1] = 'C:/Program Files/Unity/Hub/Editor/2020.3.6f1/Editor/Data/MonoBleedingEdge/lib/mono/unityjit'
Mono config path = 'C:/Program Files/Unity/Hub/Editor/2020.3.6f1/Editor/Data/MonoBleedingEdge/etc'
Using monoOptions --debugger-agent=transport=dt_socket,embedding=1,server=y,suspend=n,address=127.0.0.1:56640
Begin MonoManager ReloadAssembly
Registering precompiled unity dll's ...
Register platform support module: C:/Program Files/Unity/Hub/Editor/2020.3.6f1/Editor/Data/PlaybackEngines/WebGLSupport/UnityEditor.WebGL.Extensions.dll
Register platform support module: C:/Program Files/Unity/Hub/Editor/2020.3.6f1/Editor/Data/PlaybackEngines/WindowsStandaloneSupport/UnityEditor.WindowsStandalone.Extensions.dll
Registered in 0.003102 seconds.
Native extension for WindowsStandalone target not found
Native extension for WebGL target not found
Refreshing native plugins compatible for Editor in 20.19 ms, found 0 plugins.
Preloading 0 native plugins for Editor in 0.00 ms.
Mono: successfully reloaded assembly
- Completed reload, in  0.996 seconds
Platform modules already initialized, skipping
Registering precompiled user dll's ...
Registered in 0.000853 seconds.
Begin MonoManager ReloadAssembly
Native extension for WindowsStandalone target not found
Native extension for WebGL target not found
Refreshing native plugins compatible for Editor in 0.20 ms, found 0 plugins.
Preloading 0 native plugins for Editor in 0.00 ms.
Mono: successfully reloaded assembly
- Completed reload, in  0.627 seconds
Platform modules already initialized, skipping
========================================================================
Worker process is ready to serve import requests
Default GameObject BitMask: CountDown already registered

Launched and connected shader compiler UnityShaderCompiler.exe after 0.04 seconds
Refreshing native plugins compatible for Editor in 0.20 ms, found 0 plugins.
Preloading 0 native plugins for Editor in 0.00 ms.
Unloading 1126 Unused Serialized files (Serialized files now loaded: 0)
System memory in use before: 57.9 MB.
System memory in use after: 57.9 MB.

Unloading 10 unused Assets to reduce memory usage. Loaded Objects now: 1569.
Total: 1.747600 ms (FindLiveObjects: 0.102700 ms CreateObjectMapping: 0.020900 ms MarkObjects: 1.535400 ms  DeleteObjects: 0.087400 ms)

========================================================================
Received Import Request.
  path: Assets/Scenes/Fail_End.unity
  artifactKey: Guid(716be331289858747ab994a6d1c6ac52) Importer(815301076,1909f56bfc062723c751e8b465ee728b)
Start importing Assets/Scenes/Fail_End.unity using Guid(716be331289858747ab994a6d1c6ac52) Importer(815301076,1909f56bfc062723c751e8b465ee728b)  -> (artifact id: '964b85d3b55ba85a5cb06964a51d00d9') in 0.012751 seconds
  Import took 0.015559 seconds .

========================================================================
Received Import Request.
  Time since last request: 876.520934 seconds.
  path: Assets/NewAudioMixer.mixer
  artifactKey: Guid(ab1c2bee251d8c24b9e2b8610b9da510) Importer(815301076,1909f56bfc062723c751e8b465ee728b)
Start importing Assets/NewAudioMixer.mixer using Guid(ab1c2bee251d8c24b9e2b8610b9da510) Importer(815301076,1909f56bfc062723c751e8b465ee728b)  -> (artifact id: 'ce6444e13f970fa5981b2667bb399e09') in 0.025580 seconds
  Import took 0.027819 seconds .

========================================================================
Received Import Request.
  Time since last request: 376.874620 seconds.
  path: Assets/진로.txt
  artifactKey: Guid(ef9b5b8c1b0fc894d8f0a2bfa8a587af) Importer(815301076,1909f56bfc062723c751e8b465ee728b)
Start importing Assets/진로.txt using Guid(ef9b5b8c1b0fc894d8f0a2bfa8a587af) Importer(815301076,1909f56bfc062723c751e8b465ee728b)  -> (artifact id: '3a9f85d371fee875cb6e367fa017fc90') in 0.011026 seconds
  Import took 0.013043 seconds .

========================================================================
Received Import Request.
  Time since last request: 383.259607 seconds.
  path: Assets/Epic_Arsenal_Essential_Elements_Demo_Packs
  artifactKey: Guid(33ce9620d18bec34a82cb436a0a56712) Importer(815301076,1909f56bfc062723c751e8b465ee728b)
Start importing Assets/Epic_Arsenal_Essential_Elements_Demo_Packs using Guid(33ce9620d18bec34a82cb436a0a56712) Importer(815301076,1909f56bfc062723c751e8b465ee728b)  -> (artifact id: '982026a152daaad8d3c0e278ffe9c191') in 0.004463 seconds
  Import took 0.006602 seconds .

========================================================================
Received Import Request.
  Time since last request: 2.501148 seconds.
  path: Assets/Epic_Arsenal_Essential_Elements_Demo_Packs/Advanced_Game_Sounds_Free
  artifactKey: Guid(2d4984e345a09cb43836536570ba66d8) Importer(815301076,1909f56bfc062723c751e8b465ee728b)
Start importing Assets/Epic_Arsenal_Essential_Elements_Demo_Packs/Advanced_Game_Sounds_Free using Guid(2d4984e345a09cb43836536570ba66d8) Importer(815301076,1909f56bfc062723c751e8b465ee728b)  -> (artifact id: '42fcd9db4f051d3d1c67bfa513ebe5b9') in 0.004150 seconds
  Import took 0.005883 seconds .

========================================================================
Received Import Request.
  Time since last request: 1.304118 seconds.
  path: Assets/Epic_Arsenal_Essential_Elements_Demo_Packs/Advanced_Game_Sounds_Free/Abstract_Positive_Game_WIn_3.wav
  artifactKey: Guid(5e08380e0a5f54e9fbb9f5658b186493) Importer(815301076,1909f56bfc062723c751e8b465ee728b)
Start importing Assets/Epic_Arsenal_Essential_Elements_Demo_Packs/Advanced_Game_Sounds_Free/Abstract_Positive_Game_WIn_3.wav using Guid(5e08380e0a5f54e9fbb9f5658b186493) Importer(815301076,1909f56bfc062723c751e8b465ee728b)  -> (artifact id: '30bab89e535d08e3076738a43db6979d') in 0.094913 seconds
  Import took 0.096579 seconds .

========================================================================
Received Import Request.
  Time since last request: 8.278858 seconds.
  path: Assets/Epic_Arsenal_Essential_Elements_Demo_Packs/Advanced_Game_Sounds_Free/Blood_Spill.wav
  artifactKey: Guid(865f405ca25464761a9f46a67418304e) Importer(815301076,1909f56bfc062723c751e8b465ee728b)
Start importing Assets/Epic_Arsenal_Essential_Elements_Demo_Packs/Advanced_Game_Sounds_Free/Blood_Spill.wav using Guid(865f405ca25464761a9f46a67418304e) Importer(815301076,1909f56bfc062723c751e8b465ee728b)  -> (artifact id: 'aac3e9281d87e6cf0074deeb58cb16e3') in 0.010833 seconds
  Import took 0.012737 seconds .

========================================================================
Received Import Request.
  Time since last request: 0.001003 seconds.
  path: Assets/Epic_Arsenal_Essential_Elements_Demo_Packs/Advanced_Game_Sounds_Free/Blood_Spill.wav
  artifactKey: Guid(865f405ca25464761a9f46a67418304e) Importer(815301076,1909f56bfc062723c751e8b465ee728b)
Start importing Assets/Epic_Arsenal_Essential_Elements_Demo_Packs/Advanced_Game_Sounds_Free/Blood_Spill.wav using Guid(865f405ca25464761a9f46a67418304e) Importer(815301076,1909f56bfc062723c751e8b465ee728b)  -> (artifact id: 'aac3e9281d87e6cf0074deeb58cb16e3') in 0.009583 seconds
  Import took 0.011451 seconds .

========================================================================
Received Import Request.
  Time since last request: 0.313411 seconds.
  path: Assets/Epic_Arsenal_Essential_Elements_Demo_Packs/Advanced_Game_Sounds_Free/Collect_Item_Bling_3.wav
  artifactKey: Guid(bc02d50dd8fba4e47a5e77187e55c1ed) Importer(815301076,1909f56bfc062723c751e8b465ee728b)
Start importing Assets/Epic_Arsenal_Essential_Elements_Demo_Packs/Advanced_Game_Sounds_Free/Collect_Item_Bling_3.wav using Guid(bc02d50dd8fba4e47a5e77187e55c1ed) Importer(815301076,1909f56bfc062723c751e8b465ee728b)  -> (artifact id: 'a205f99767a64f72d57bfb302bd0efb5') in 0.011361 seconds
  Import took 0.012973 seconds .

========================================================================
Received Import Request.
  Time since last request: 0.000916 seconds.
  path: Assets/Epic_Arsenal_Essential_Elements_Demo_Packs/Advanced_Game_Sounds_Free/Collect_Item_Bling_3.wav
  artifactKey: Guid(bc02d50dd8fba4e47a5e77187e55c1ed) Importer(815301076,1909f56bfc062723c751e8b465ee728b)
Start importing Assets/Epic_Arsenal_Essential_Elements_Demo_Packs/Advanced_Game_Sounds_Free/Collect_Item_Bling_3.wav using Guid(bc02d50dd8fba4e47a5e77187e55c1ed) Importer(815301076,1909f56bfc062723c751e8b465ee728b)  -> (artifact id: 'a205f99767a64f72d57bfb302bd0efb5') in 0.009212 seconds
  Import took 0.011225 seconds .

========================================================================
Received Import Request.
  Time since last request: 0.415466 seconds.
  path: Assets/Epic_Arsenal_Essential_Elements_Demo_Packs/Advanced_Game_Sounds_Free/Death_2_with_voice.wav
  artifactKey: Guid(1d9451f46b004438faaa8665ea8b280f) Importer(815301076,1909f56bfc062723c751e8b465ee728b)
Start importing Assets/Epic_Arsenal_Essential_Elements_Demo_Packs/Advanced_Game_Sounds_Free/Death_2_with_voice.wav using Guid(1d9451f46b004438faaa8665ea8b280f) Importer(815301076,1909f56bfc062723c751e8b465ee728b)  -> (artifact id: 'bd8a31e759b7985437a95279d1029d79') in 0.010813 seconds
  Import took 0.012787 seconds .

========================================================================
Received Import Request.
  Time since last request: 0.000449 seconds.
  path: Assets/Epic_Arsenal_Essential_Elements_Demo_Packs/Advanced_Game_Sounds_Free/Death_2_with_voice.wav
  artifactKey: Guid(1d9451f46b004438faaa8665ea8b280f) Importer(815301076,1909f56bfc062723c751e8b465ee728b)
Start importing Assets/Epic_Arsenal_Essential_Elements_Demo_Packs/Advanced_Game_Sounds_Free/Death_2_with_voice.wav using Guid(1d9451f46b004438faaa8665ea8b280f) Importer(815301076,1909f56bfc062723c751e8b465ee728b)  -> (artifact id: 'bd8a31e759b7985437a95279d1029d79') in 0.008818 seconds
  Import took 0.010380 seconds .

========================================================================
Received Import Request.
  Time since last request: 10.343708 seconds.
  path: Assets/Epic_Arsenal_Essential_Elements_Demo_Packs/Advanced_Game_Sounds_Free/Poof_Explosion_with_Shine_1.wav
  artifactKey: Guid(9f0f37f2f21b24c14853ad3aaf930736) Importer(815301076,1909f56bfc062723c751e8b465ee728b)
Start importing Assets/Epic_Arsenal_Essential_Elements_Demo_Packs/Advanced_Game_Sounds_Free/Poof_Explosion_with_Shine_1.wav using Guid(9f0f37f2f21b24c14853ad3aaf930736) Importer(815301076,1909f56bfc062723c751e8b465ee728b)  -> (artifact id: '9bd993166ef93a042ae0db2e4a16344e') in 0.010030 seconds
  Import took 0.011894 seconds .

========================================================================
Received Import Request.
  Time since last request: 0.001790 seconds.
  path: Assets/Epic_Arsenal_Essential_Elements_Demo_Packs/Advanced_Game_Sounds_Free/Poof_Explosion_with_Shine_1.wav
  artifactKey: Guid(9f0f37f2f21b24c14853ad3aaf930736) Importer(815301076,1909f56bfc062723c751e8b465ee728b)
Start importing Assets/Epic_Arsenal_Essential_Elements_Demo_Packs/Advanced_Game_Sounds_Free/Poof_Explosion_with_Shine_1.wav using Guid(9f0f37f2f21b24c14853ad3aaf930736) Importer(815301076,1909f56bfc062723c751e8b465ee728b)  -> (artifact id: '9bd993166ef93a042ae0db2e4a16344e') in 0.008582 seconds
  Import took 0.010628 seconds .

========================================================================
Received Import Request.
  Time since last request: 6.227670 seconds.
  path: Assets/Epic_Arsenal_Essential_Elements_Demo_Packs/Advanced_UI_Free/App_Button_3.wav
  artifactKey: Guid(700d03ab2644049fc947a80a24529d45) Importer(815301076,1909f56bfc062723c751e8b465ee728b)
Start importing Assets/Epic_Arsenal_Essential_Elements_Demo_Packs/Advanced_UI_Free/App_Button_3.wav using Guid(700d03ab2644049fc947a80a24529d45) Importer(815301076,1909f56bfc062723c751e8b465ee728b)  -> (artifact id: 'd6faf9f15804009674831284d8549e10') in 0.010160 seconds
  Import took 0.012051 seconds .

========================================================================
Received Import Request.
  Time since last request: 0.001020 seconds.
  path: Assets/Epic_Arsenal_Essential_Elements_Demo_Packs/Advanced_UI_Free/App_Button_3.wav
  artifactKey: Guid(700d03ab2644049fc947a80a24529d45) Importer(815301076,1909f56bfc062723c751e8b465ee728b)
Start importing Assets/Epic_Arsenal_Essential_Elements_Demo_Packs/Advanced_UI_Free/App_Button_3.wav using Guid(700d03ab2644049fc947a80a24529d45) Importer(815301076,1909f56bfc062723c751e8b465ee728b)  -> (artifact id: 'd6faf9f15804009674831284d8549e10') in 0.008488 seconds
  Import took 0.010191 seconds .

========================================================================
Received Import Request.
  Time since last request: 11.367529 seconds.
  path: Assets/Epic_Arsenal_Essential_Elements_Demo_Packs/Advanced_UI_Free/Bounce_3.wav
  artifactKey: Guid(1902469db38ee4455abbfb38210ac9aa) Importer(815301076,1909f56bfc062723c751e8b465ee728b)
Start importing Assets/Epic_Arsenal_Essential_Elements_Demo_Packs/Advanced_UI_Free/Bounce_3.wav using Guid(1902469db38ee4455abbfb38210ac9aa) Importer(815301076,1909f56bfc062723c751e8b465ee728b)  -> (artifact id: '73b3704df4bd767a5b7c7fa3cf82abb7') in 0.009644 seconds
  Import took 0.011310 seconds .

========================================================================
Received Import Request.
  Time since last request: 0.000946 seconds.
  path: Assets/Epic_Arsenal_Essential_Elements_Demo_Packs/Advanced_UI_Free/Bounce_3.wav
  artifactKey: Guid(1902469db38ee4455abbfb38210ac9aa) Importer(815301076,1909f56bfc062723c751e8b465ee728b)
Start importing Assets/Epic_Arsenal_Essential_Elements_Demo_Packs/Advanced_UI_Free/Bounce_3.wav using Guid(1902469db38ee4455abbfb38210ac9aa) Importer(815301076,1909f56bfc062723c751e8b465ee728b)  -> (artifact id: '73b3704df4bd767a5b7c7fa3cf82abb7') in 0.008800 seconds
  Import took 0.010368 seconds .

========================================================================
Received Import Request.
  Time since last request: 4.258694 seconds.
  path: Assets/Epic_Arsenal_Essential_Elements_Demo_Packs/Advanced_UI_Free/Choose_C.wav
  artifactKey: Guid(cfb41bc6065cf4782915ec8bc5586526) Importer(815301076,1909f56bfc062723c751e8b465ee728b)
Start importing Assets/Epic_Arsenal_Essential_Elements_Demo_Packs/Advanced_UI_Free/Choose_C.wav using Guid(cfb41bc6065cf4782915ec8bc5586526) Importer(815301076,1909f56bfc062723c751e8b465ee728b)  -> (artifact id: '2a37a4a20da000cee4d59d8c1924bba2') in 0.010410 seconds
  Import took 0.012082 seconds .

========================================================================
Received Import Request.
  Time since last request: 0.001042 seconds.
  path: Assets/Epic_Arsenal_Essential_Elements_Demo_Packs/Advanced_UI_Free/Choose_C.wav
  artifactKey: Guid(cfb41bc6065cf4782915ec8bc5586526) Importer(815301076,1909f56bfc062723c751e8b465ee728b)
Start importing Assets/Epic_Arsenal_Essential_Elements_Demo_Packs/Advanced_UI_Free/Choose_C.wav using Guid(cfb41bc6065cf4782915ec8bc5586526) Importer(815301076,1909f56bfc062723c751e8b465ee728b)  -> (artifact id: '2a37a4a20da000cee4d59d8c1924bba2') in 0.010212 seconds
  Import took 0.012285 seconds .

========================================================================
Received Import Request.
  Time since last request: 10.019024 seconds.
  path: Assets/Epic_Arsenal_Essential_Elements_Demo_Packs/Advanced_UI_Free/End_Call3.wav
  artifactKey: Guid(172c4fdd1347947328bd1234f9f9ab0b) Importer(815301076,1909f56bfc062723c751e8b465ee728b)
Start importing Assets/Epic_Arsenal_Essential_Elements_Demo_Packs/Advanced_UI_Free/End_Call3.wav using Guid(172c4fdd1347947328bd1234f9f9ab0b) Importer(815301076,1909f56bfc062723c751e8b465ee728b)  -> (artifact id: '751e48f17ed6bfd6910242d219bbb98c') in 0.010145 seconds
  Import took 0.011919 seconds .

========================================================================
Received Import Request.
  Time since last request: 0.000725 seconds.
  path: Assets/Epic_Arsenal_Essential_Elements_Demo_Packs/Advanced_UI_Free/End_Call3.wav
  artifactKey: Guid(172c4fdd1347947328bd1234f9f9ab0b) Importer(815301076,1909f56bfc062723c751e8b465ee728b)
Start importing Assets/Epic_Arsenal_Essential_Elements_Demo_Packs/Advanced_UI_Free/End_Call3.wav using Guid(172c4fdd1347947328bd1234f9f9ab0b) Importer(815301076,1909f56bfc062723c751e8b465ee728b)  -> (artifact id: '751e48f17ed6bfd6910242d219bbb98c') in 0.008374 seconds
  Import took 0.010188 seconds .

========================================================================
Received Import Request.
  Time since last request: 4.912337 seconds.
  path: Assets/Epic_Arsenal_Essential_Elements_Demo_Packs/Advanced_UI_Free/Holographic_UI_Sounds_6.wav
  artifactKey: Guid(85b0a0192cbc749159c4f71241b3ff2d) Importer(815301076,1909f56bfc062723c751e8b465ee728b)
Start importing Assets/Epic_Arsenal_Essential_Elements_Demo_Packs/Advanced_UI_Free/Holographic_UI_Sounds_6.wav using Guid(85b0a0192cbc749159c4f71241b3ff2d) Importer(815301076,1909f56bfc062723c751e8b465ee728b)  -> (artifact id: 'a693c71d9a771ffa8957a509acfc0477') in 0.010404 seconds
  Import took 0.012117 seconds .

========================================================================
Received Import Request.
  Time since last request: 0.000897 seconds.
  path: Assets/Epic_Arsenal_Essential_Elements_Demo_Packs/Advanced_UI_Free/Holographic_UI_Sounds_6.wav
  artifactKey: Guid(85b0a0192cbc749159c4f71241b3ff2d) Importer(815301076,1909f56bfc062723c751e8b465ee728b)
Start importing Assets/Epic_Arsenal_Essential_Elements_Demo_Packs/Advanced_UI_Free/Holographic_UI_Sounds_6.wav using Guid(85b0a0192cbc749159c4f71241b3ff2d) Importer(815301076,1909f56bfc062723c751e8b465ee728b)  -> (artifact id: 'a693c71d9a771ffa8957a509acfc0477') in 0.007830 seconds
  Import took 0.009554 seconds .

========================================================================
Received Import Request.
  Time since last request: 3.834214 seconds.
  path: Assets/Epic_Arsenal_Essential_Elements_Demo_Packs/Advanced_UI_Free/Item_Button_Mech_Game.wav
  artifactKey: Guid(45b961abdff3b4af9892e460f6f6873c) Importer(815301076,1909f56bfc062723c751e8b465ee728b)
Start importing Assets/Epic_Arsenal_Essential_Elements_Demo_Packs/Advanced_UI_Free/Item_Button_Mech_Game.wav using Guid(45b961abdff3b4af9892e460f6f6873c) Importer(815301076,1909f56bfc062723c751e8b465ee728b)  -> (artifact id: '70be621e2b7af6224c456b5af3fe4b13') in 0.009989 seconds
  Import took 0.011889 seconds .

========================================================================
Received Import Request.
  Time since last request: 0.000997 seconds.
  path: Assets/Epic_Arsenal_Essential_Elements_Demo_Packs/Advanced_UI_Free/Item_Button_Mech_Game.wav
  artifactKey: Guid(45b961abdff3b4af9892e460f6f6873c) Importer(815301076,1909f56bfc062723c751e8b465ee728b)
Start importing Assets/Epic_Arsenal_Essential_Elements_Demo_Packs/Advanced_UI_Free/Item_Button_Mech_Game.wav using Guid(45b961abdff3b4af9892e460f6f6873c) Importer(815301076,1909f56bfc062723c751e8b465ee728b)  -> (artifact id: '70be621e2b7af6224c456b5af3fe4b13') in 0.008744 seconds
  Import took 0.010371 seconds .

========================================================================
Received Import Request.
  Time since last request: 23.676371 seconds.
  path: Assets/Epic_Arsenal_Essential_Elements_Demo_Packs/Advanced_UI_Free/Scifi_Screen_UI_4.wav
  artifactKey: Guid(ea4db7b966194451e82da573865a7cf1) Importer(815301076,1909f56bfc062723c751e8b465ee728b)
Start importing Assets/Epic_Arsenal_Essential_Elements_Demo_Packs/Advanced_UI_Free/Scifi_Screen_UI_4.wav using Guid(ea4db7b966194451e82da573865a7cf1) Importer(815301076,1909f56bfc062723c751e8b465ee728b)  -> (artifact id: '81e06f643f572735c15ad5a63ed776ac') in 0.009797 seconds
  Import took 0.011684 seconds .

========================================================================
Received Import Request.
  Time since last request: 0.000829 seconds.
  path: Assets/Epic_Arsenal_Essential_Elements_Demo_Packs/Advanced_UI_Free/Scifi_Screen_UI_4.wav
  artifactKey: Guid(ea4db7b966194451e82da573865a7cf1) Importer(815301076,1909f56bfc062723c751e8b465ee728b)
Start importing Assets/Epic_Arsenal_Essential_Elements_Demo_Packs/Advanced_UI_Free/Scifi_Screen_UI_4.wav using Guid(ea4db7b966194451e82da573865a7cf1) Importer(815301076,1909f56bfc062723c751e8b465ee728b)  -> (artifact id: '81e06f643f572735c15ad5a63ed776ac') in 0.008988 seconds
  Import took 0.010630 seconds .

========================================================================
Received Import Request.
  Time since last request: 0.758823 seconds.
  path: Assets/Epic_Arsenal_Essential_Elements_Demo_Packs/Advanced_UI_Free/Tab_Select_2.wav
  artifactKey: Guid(89b1de25a40ab44c38f4e5e0b7da8984) Importer(815301076,1909f56bfc062723c751e8b465ee728b)
Start importing Assets/Epic_Arsenal_Essential_Elements_Demo_Packs/Advanced_UI_Free/Tab_Select_2.wav using Guid(89b1de25a40ab44c38f4e5e0b7da8984) Importer(815301076,1909f56bfc062723c751e8b465ee728b)  -> (artifact id: 'c09a508a36b3185d4a88b96be501f75a') in 0.010224 seconds
  Import took 0.012660 seconds .

========================================================================
Received Import Request.
  Time since last request: 0.000422 seconds.
  path: Assets/Epic_Arsenal_Essential_Elements_Demo_Packs/Advanced_UI_Free/Tab_Select_2.wav
  artifactKey: Guid(89b1de25a40ab44c38f4e5e0b7da8984) Importer(815301076,1909f56bfc062723c751e8b465ee728b)
Start importing Assets/Epic_Arsenal_Essential_Elements_Demo_Packs/Advanced_UI_Free/Tab_Select_2.wav using Guid(89b1de25a40ab44c38f4e5e0b7da8984) Importer(815301076,1909f56bfc062723c751e8b465ee728b)  -> (artifact id: 'c09a508a36b3185d4a88b96be501f75a') in 0.009200 seconds
  Import took 0.010896 seconds .

========================================================================
Received Import Request.
  Time since last request: 6.361526 seconds.
  path: Assets/Epic_Arsenal_Essential_Elements_Demo_Packs/Advanced_UI_Free/Tab_Select_15.wav
  artifactKey: Guid(5d4355e81e9df4f878a73450a5dd470d) Importer(815301076,1909f56bfc062723c751e8b465ee728b)
Start importing Assets/Epic_Arsenal_Essential_Elements_Demo_Packs/Advanced_UI_Free/Tab_Select_15.wav using Guid(5d4355e81e9df4f878a73450a5dd470d) Importer(815301076,1909f56bfc062723c751e8b465ee728b)  -> (artifact id: '44c2e934658f3aff98532a29d7794e31') in 0.009760 seconds
  Import took 0.011463 seconds .

========================================================================
Received Import Request.
  Time since last request: 0.000741 seconds.
  path: Assets/Epic_Arsenal_Essential_Elements_Demo_Packs/Advanced_UI_Free/Tab_Select_15.wav
  artifactKey: Guid(5d4355e81e9df4f878a73450a5dd470d) Importer(815301076,1909f56bfc062723c751e8b465ee728b)
Start importing Assets/Epic_Arsenal_Essential_Elements_Demo_Packs/Advanced_UI_Free/Tab_Select_15.wav using Guid(5d4355e81e9df4f878a73450a5dd470d) Importer(815301076,1909f56bfc062723c751e8b465ee728b)  -> (artifact id: '44c2e934658f3aff98532a29d7794e31') in 0.009136 seconds
  Import took 0.010889 seconds .

========================================================================
Received Import Request.
  Time since last request: 16.889421 seconds.
  path: Assets/Epic_Arsenal_Essential_Elements_Demo_Packs/Bane_Cinematic's_Free/7th_Dimension.wav
  artifactKey: Guid(f9a1cadde468447d78143cbc661c02e2) Importer(815301076,1909f56bfc062723c751e8b465ee728b)
Start importing Assets/Epic_Arsenal_Essential_Elements_Demo_Packs/Bane_Cinematic's_Free/7th_Dimension.wav using Guid(f9a1cadde468447d78143cbc661c02e2) Importer(815301076,1909f56bfc062723c751e8b465ee728b)  -> (artifact id: '0ced85fee164060c8bf35867010b189f') in 0.011355 seconds
  Import took 0.013148 seconds .

========================================================================
Received Import Request.
  Time since last request: 0.000956 seconds.
  path: Assets/Epic_Arsenal_Essential_Elements_Demo_Packs/Bane_Cinematic's_Free/7th_Dimension.wav
  artifactKey: Guid(f9a1cadde468447d78143cbc661c02e2) Importer(815301076,1909f56bfc062723c751e8b465ee728b)
Start importing Assets/Epic_Arsenal_Essential_Elements_Demo_Packs/Bane_Cinematic's_Free/7th_Dimension.wav using Guid(f9a1cadde468447d78143cbc661c02e2) Importer(815301076,1909f56bfc062723c751e8b465ee728b)  -> (artifact id: '0ced85fee164060c8bf35867010b189f') in 0.009274 seconds
  Import took 0.011406 seconds .

========================================================================
Received Import Request.
  Time since last request: 16.545944 seconds.
  path: Assets/Epic_Arsenal_Essential_Elements_Demo_Packs/Bane_Cinematic's_Free/Cinematic_Matter_14v2.wav
  artifactKey: Guid(833e025ebbbcc41aeade73f8ac8378e6) Importer(815301076,1909f56bfc062723c751e8b465ee728b)
Start importing Assets/Epic_Arsenal_Essential_Elements_Demo_Packs/Bane_Cinematic's_Free/Cinematic_Matter_14v2.wav using Guid(833e025ebbbcc41aeade73f8ac8378e6) Importer(815301076,1909f56bfc062723c751e8b465ee728b)  -> (artifact id: '2a33b2d6eeb68d4ded13ec3bb2c4b708') in 0.012613 seconds
  Import took 0.014322 seconds .

========================================================================
Received Import Request.
  Time since last request: 0.000624 seconds.
  path: Assets/Epic_Arsenal_Essential_Elements_Demo_Packs/Bane_Cinematic's_Free/Cinematic_Matter_14v2.wav
  artifactKey: Guid(833e025ebbbcc41aeade73f8ac8378e6) Importer(815301076,1909f56bfc062723c751e8b465ee728b)
Start importing Assets/Epic_Arsenal_Essential_Elements_Demo_Packs/Bane_Cinematic's_Free/Cinematic_Matter_14v2.wav using Guid(833e025ebbbcc41aeade73f8ac8378e6) Importer(815301076,1909f56bfc062723c751e8b465ee728b)  -> (artifact id: '2a33b2d6eeb68d4ded13ec3bb2c4b708') in 0.008818 seconds
  Import took 0.010415 seconds .

========================================================================
Received Import Request.
  Time since last request: 0.342458 seconds.
  path: Assets/Epic_Arsenal_Essential_Elements_Demo_Packs/Bane_Cinematic's_Free/Radio_Sound.wav
  artifactKey: Guid(11950a99e33ac45eba91811efe915233) Importer(815301076,1909f56bfc062723c751e8b465ee728b)
Start importing Assets/Epic_Arsenal_Essential_Elements_Demo_Packs/Bane_Cinematic's_Free/Radio_Sound.wav using Guid(11950a99e33ac45eba91811efe915233) Importer(815301076,1909f56bfc062723c751e8b465ee728b)  -> (artifact id: 'b52ae705531a63f751cd9bc7384ac0a7') in 0.012597 seconds
  Import took 0.014254 seconds .

========================================================================
Received Import Request.
  Time since last request: 0.002909 seconds.
  path: Assets/Epic_Arsenal_Essential_Elements_Demo_Packs/Bane_Cinematic's_Free/Radio_Sound.wav
  artifactKey: Guid(11950a99e33ac45eba91811efe915233) Importer(815301076,1909f56bfc062723c751e8b465ee728b)
Start importing Assets/Epic_Arsenal_Essential_Elements_Demo_Packs/Bane_Cinematic's_Free/Radio_Sound.wav using Guid(11950a99e33ac45eba91811efe915233) Importer(815301076,1909f56bfc062723c751e8b465ee728b)  -> (artifact id: 'b52ae705531a63f751cd9bc7384ac0a7') in 0.009274 seconds
  Import took 0.011169 seconds .

========================================================================
Received Import Request.
  Time since last request: 0.403498 seconds.
  path: Assets/Epic_Arsenal_Essential_Elements_Demo_Packs/Bane_Cinematic's_Free/Reverse_Fog_Horn.wav
  artifactKey: Guid(8254dbdba5ceb4033af85c577da30051) Importer(815301076,1909f56bfc062723c751e8b465ee728b)
Start importing Assets/Epic_Arsenal_Essential_Elements_Demo_Packs/Bane_Cinematic's_Free/Reverse_Fog_Horn.wav using Guid(8254dbdba5ceb4033af85c577da30051) Importer(815301076,1909f56bfc062723c751e8b465ee728b)  -> (artifact id: 'bea17d8e046e9002ab1a4952c47397cd') in 0.011264 seconds
  Import took 0.013284 seconds .

========================================================================
Received Import Request.
  Time since last request: 0.001172 seconds.
  path: Assets/Epic_Arsenal_Essential_Elements_Demo_Packs/Bane_Cinematic's_Free/Reverse_Fog_Horn.wav
  artifactKey: Guid(8254dbdba5ceb4033af85c577da30051) Importer(815301076,1909f56bfc062723c751e8b465ee728b)
Start importing Assets/Epic_Arsenal_Essential_Elements_Demo_Packs/Bane_Cinematic's_Free/Reverse_Fog_Horn.wav using Guid(8254dbdba5ceb4033af85c577da30051) Importer(815301076,1909f56bfc062723c751e8b465ee728b)  -> (artifact id: 'bea17d8e046e9002ab1a4952c47397cd') in 0.008667 seconds
  Import took 0.010360 seconds .

========================================================================
Received Import Request.
  Time since last request: 0.430587 seconds.
  path: Assets/Epic_Arsenal_Essential_Elements_Demo_Packs/Bane_Cinematic's_Free/WOOSH_FLYBY_AlienShip2.wav
  artifactKey: Guid(38f4ba8c023d94c668956cf5e05cb57a) Importer(815301076,1909f56bfc062723c751e8b465ee728b)
Start importing Assets/Epic_Arsenal_Essential_Elements_Demo_Packs/Bane_Cinematic's_Free/WOOSH_FLYBY_AlienShip2.wav using Guid(38f4ba8c023d94c668956cf5e05cb57a) Importer(815301076,1909f56bfc062723c751e8b465ee728b)  -> (artifact id: '544aa1dd910d8855ddb9be96ee8bc177') in 0.013182 seconds
  Import took 0.014820 seconds .

========================================================================
Received Import Request.
  Time since last request: 0.003378 seconds.
  path: Assets/Epic_Arsenal_Essential_Elements_Demo_Packs/Bane_Cinematic's_Free/WOOSH_FLYBY_AlienShip2.wav
  artifactKey: Guid(38f4ba8c023d94c668956cf5e05cb57a) Importer(815301076,1909f56bfc062723c751e8b465ee728b)
Start importing Assets/Epic_Arsenal_Essential_Elements_Demo_Packs/Bane_Cinematic's_Free/WOOSH_FLYBY_AlienShip2.wav using Guid(38f4ba8c023d94c668956cf5e05cb57a) Importer(815301076,1909f56bfc062723c751e8b465ee728b)  -> (artifact id: '544aa1dd910d8855ddb9be96ee8bc177') in 0.009942 seconds
  Import took 0.012048 seconds .

========================================================================
Received Import Request.
  Time since last request: 2.488111 seconds.
  path: Assets/Epic_Arsenal_Essential_Elements_Demo_Packs/Bloodlust_Free/Game_Big_Gore_Hit_1.wav
  artifactKey: Guid(8d39de0ceddd8470f9b275950792f8ea) Importer(815301076,1909f56bfc062723c751e8b465ee728b)
Start importing Assets/Epic_Arsenal_Essential_Elements_Demo_Packs/Bloodlust_Free/Game_Big_Gore_Hit_1.wav using Guid(8d39de0ceddd8470f9b275950792f8ea) Importer(815301076,1909f56bfc062723c751e8b465ee728b)  -> (artifact id: 'a185aa868cd84c2ebb1aaeffb01d7a37') in 0.012316 seconds
  Import took 0.014006 seconds .

========================================================================
Received Import Request.
  Time since last request: 0.002944 seconds.
  path: Assets/Epic_Arsenal_Essential_Elements_Demo_Packs/Bloodlust_Free/Game_Big_Gore_Hit_1.wav
  artifactKey: Guid(8d39de0ceddd8470f9b275950792f8ea) Importer(815301076,1909f56bfc062723c751e8b465ee728b)
Start importing Assets/Epic_Arsenal_Essential_Elements_Demo_Packs/Bloodlust_Free/Game_Big_Gore_Hit_1.wav using Guid(8d39de0ceddd8470f9b275950792f8ea) Importer(815301076,1909f56bfc062723c751e8b465ee728b)  -> (artifact id: 'a185aa868cd84c2ebb1aaeffb01d7a37') in 0.011742 seconds
  Import took 0.013500 seconds .

========================================================================
Received Import Request.
  Time since last request: 5.924898 seconds.
  path: Assets/Epic_Arsenal_Essential_Elements_Demo_Packs/Bloodlust_Free/Game_Big_Gore_Rip_1.wav
  artifactKey: Guid(483206efb3a3b4d10ac9122c9e468aa4) Importer(815301076,1909f56bfc062723c751e8b465ee728b)
Start importing Assets/Epic_Arsenal_Essential_Elements_Demo_Packs/Bloodlust_Free/Game_Big_Gore_Rip_1.wav using Guid(483206efb3a3b4d10ac9122c9e468aa4) Importer(815301076,1909f56bfc062723c751e8b465ee728b)  -> (artifact id: 'aaee2dd6e20ad6eaef78481d6c72c2fc') in 0.012854 seconds
  Import took 0.014570 seconds .

========================================================================
Received Import Request.
  Time since last request: 0.003985 seconds.
  path: Assets/Epic_Arsenal_Essential_Elements_Demo_Packs/Bloodlust_Free/Game_Big_Gore_Rip_1.wav
  artifactKey: Guid(483206efb3a3b4d10ac9122c9e468aa4) Importer(815301076,1909f56bfc062723c751e8b465ee728b)
Start importing Assets/Epic_Arsenal_Essential_Elements_Demo_Packs/Bloodlust_Free/Game_Big_Gore_Rip_1.wav using Guid(483206efb3a3b4d10ac9122c9e468aa4) Importer(815301076,1909f56bfc062723c751e8b465ee728b)  -> (artifact id: 'aaee2dd6e20ad6eaef78481d6c72c2fc') in 0.010845 seconds
  Import took 0.012824 seconds .

========================================================================
Received Import Request.
  Time since last request: 6.542324 seconds.
  path: Assets/Epic_Arsenal_Essential_Elements_Demo_Packs/Bloodlust_Free/Game_Blood_Potion_Pick_Up_2.wav
  artifactKey: Guid(d67f47158ccf34de79b16cc8bf7a9e4e) Importer(815301076,1909f56bfc062723c751e8b465ee728b)
Start importing Assets/Epic_Arsenal_Essential_Elements_Demo_Packs/Bloodlust_Free/Game_Blood_Potion_Pick_Up_2.wav using Guid(d67f47158ccf34de79b16cc8bf7a9e4e) Importer(815301076,1909f56bfc062723c751e8b465ee728b)  -> (artifact id: '4f00f9102914093c248034e9d35910d9') in 0.010104 seconds
  Import took 0.011739 seconds .

========================================================================
Received Import Request.
  Time since last request: 0.000907 seconds.
  path: Assets/Epic_Arsenal_Essential_Elements_Demo_Packs/Bloodlust_Free/Game_Blood_Potion_Pick_Up_2.wav
  artifactKey: Guid(d67f47158ccf34de79b16cc8bf7a9e4e) Importer(815301076,1909f56bfc062723c751e8b465ee728b)
Start importing Assets/Epic_Arsenal_Essential_Elements_Demo_Packs/Bloodlust_Free/Game_Blood_Potion_Pick_Up_2.wav using Guid(d67f47158ccf34de79b16cc8bf7a9e4e) Importer(815301076,1909f56bfc062723c751e8b465ee728b)  -> (artifact id: '4f00f9102914093c248034e9d35910d9') in 0.008681 seconds
  Import took 0.010455 seconds .

========================================================================
Received Import Request.
  Time since last request: 13.977415 seconds.
  path: Assets/Epic_Arsenal_Essential_Elements_Demo_Packs/Household_Source_Free/Book_Drop_7.wav
  artifactKey: Guid(2966581341ebb4ac9b707b813901147c) Importer(815301076,1909f56bfc062723c751e8b465ee728b)
Start importing Assets/Epic_Arsenal_Essential_Elements_Demo_Packs/Household_Source_Free/Book_Drop_7.wav using Guid(2966581341ebb4ac9b707b813901147c) Importer(815301076,1909f56bfc062723c751e8b465ee728b)  -> (artifact id: '351860634c785b32988ad67b04697f3d') in 0.009865 seconds
  Import took 0.011464 seconds .

========================================================================
Received Import Request.
  Time since last request: 0.000631 seconds.
  path: Assets/Epic_Arsenal_Essential_Elements_Demo_Packs/Household_Source_Free/Book_Drop_7.wav
  artifactKey: Guid(2966581341ebb4ac9b707b813901147c) Importer(815301076,1909f56bfc062723c751e8b465ee728b)
Start importing Assets/Epic_Arsenal_Essential_Elements_Demo_Packs/Household_Source_Free/Book_Drop_7.wav using Guid(2966581341ebb4ac9b707b813901147c) Importer(815301076,1909f56bfc062723c751e8b465ee728b)  -> (artifact id: '351860634c785b32988ad67b04697f3d') in 0.008948 seconds
  Import took 0.010757 seconds .

========================================================================
Received Import Request.
  Time since last request: 13.680060 seconds.
  path: Assets/Epic_Arsenal_Essential_Elements_Demo_Packs/Household_Source_Free/Car_Door_Exterior_Close_1.wav
  artifactKey: Guid(5f8a84dfc657a4d34b523d45e676511a) Importer(815301076,1909f56bfc062723c751e8b465ee728b)
Start importing Assets/Epic_Arsenal_Essential_Elements_Demo_Packs/Household_Source_Free/Car_Door_Exterior_Close_1.wav using Guid(5f8a84dfc657a4d34b523d45e676511a) Importer(815301076,1909f56bfc062723c751e8b465ee728b)  -> (artifact id: '86d4799f3ba59ea47e8211e9bc46142f') in 0.013316 seconds
  Import took 0.014976 seconds .

========================================================================
Received Import Request.
  Time since last request: 0.002664 seconds.
  path: Assets/Epic_Arsenal_Essential_Elements_Demo_Packs/Household_Source_Free/Car_Door_Exterior_Close_1.wav
  artifactKey: Guid(5f8a84dfc657a4d34b523d45e676511a) Importer(815301076,1909f56bfc062723c751e8b465ee728b)
Start importing Assets/Epic_Arsenal_Essential_Elements_Demo_Packs/Household_Source_Free/Car_Door_Exterior_Close_1.wav using Guid(5f8a84dfc657a4d34b523d45e676511a) Importer(815301076,1909f56bfc062723c751e8b465ee728b)  -> (artifact id: '86d4799f3ba59ea47e8211e9bc46142f') in 0.008756 seconds
  Import took 0.010396 seconds .

========================================================================
Received Import Request.
  Time since last request: 46.021822 seconds.
  path: Assets/Footsteps - Essentials/Footsteps_DirtyGround
  artifactKey: Guid(d0ba54a2ca348c945935f123f842b774) Importer(815301076,1909f56bfc062723c751e8b465ee728b)
Start importing Assets/Footsteps - Essentials/Footsteps_DirtyGround using Guid(d0ba54a2ca348c945935f123f842b774) Importer(815301076,1909f56bfc062723c751e8b465ee728b)  -> (artifact id: 'aac0fcb5de49fbeadd4dc7f99661d0e1') in 0.004361 seconds
  Import took 0.006734 seconds .

========================================================================
Received Import Request.
  Time since last request: 0.993274 seconds.
  path: Assets/Footsteps - Essentials/Footsteps_DirtyGround/Footsteps_DirtyGround_Land
  artifactKey: Guid(c6ee03d779942364d9444964c0b7b4a8) Importer(815301076,1909f56bfc062723c751e8b465ee728b)
Start importing Assets/Footsteps - Essentials/Footsteps_DirtyGround/Footsteps_DirtyGround_Land using Guid(c6ee03d779942364d9444964c0b7b4a8) Importer(815301076,1909f56bfc062723c751e8b465ee728b)  -> (artifact id: 'fc307de97f289361fc68a0683d3ba653') in 0.004330 seconds
  Import took 0.006185 seconds .

========================================================================
Received Import Request.
  Time since last request: 0.875973 seconds.
  path: Assets/Footsteps - Essentials/Footsteps_DirtyGround/Footsteps_DirtyGround_Land/Footsteps_DirtyGround_Jump_Land_01.wav
  artifactKey: Guid(7131d701ae015a54aa3d856feccd513f) Importer(815301076,1909f56bfc062723c751e8b465ee728b)
Start importing Assets/Footsteps - Essentials/Footsteps_DirtyGround/Footsteps_DirtyGround_Land/Footsteps_DirtyGround_Jump_Land_01.wav using Guid(7131d701ae015a54aa3d856feccd513f) Importer(815301076,1909f56bfc062723c751e8b465ee728b)  -> (artifact id: '2700bf304c57d62bdbcb4790b4429ad4') in 0.010245 seconds
  Import took 0.011930 seconds .

========================================================================
Received Import Request.
  Time since last request: 0.001174 seconds.
  path: Assets/Footsteps - Essentials/Footsteps_DirtyGround/Footsteps_DirtyGround_Land/Footsteps_DirtyGround_Jump_Land_01.wav
  artifactKey: Guid(7131d701ae015a54aa3d856feccd513f) Importer(815301076,1909f56bfc062723c751e8b465ee728b)
Start importing Assets/Footsteps - Essentials/Footsteps_DirtyGround/Footsteps_DirtyGround_Land/Footsteps_DirtyGround_Jump_Land_01.wav using Guid(7131d701ae015a54aa3d856feccd513f) Importer(815301076,1909f56bfc062723c751e8b465ee728b)  -> (artifact id: '2700bf304c57d62bdbcb4790b4429ad4') in 0.008934 seconds
  Import took 0.011129 seconds .

========================================================================
Received Import Request.
  Time since last request: 5.231572 seconds.
  path: Assets/Footsteps - Essentials/Footsteps_DirtyGround/Footsteps_DirtyGround_Walk/Footsteps_DirtyGround_Walk_01.wav
  artifactKey: Guid(9ea11a2d13d536e4e8441a0f5895995c) Importer(815301076,1909f56bfc062723c751e8b465ee728b)
Start importing Assets/Footsteps - Essentials/Footsteps_DirtyGround/Footsteps_DirtyGround_Walk/Footsteps_DirtyGround_Walk_01.wav using Guid(9ea11a2d13d536e4e8441a0f5895995c) Importer(815301076,1909f56bfc062723c751e8b465ee728b)  -> (artifact id: '50d90784811e041e4b8e62d09f9f4002') in 0.012257 seconds
  Import took 0.013948 seconds .

========================================================================
Received Import Request.
  Time since last request: 0.002737 seconds.
  path: Assets/Footsteps - Essentials/Footsteps_DirtyGround/Footsteps_DirtyGround_Walk/Footsteps_DirtyGround_Walk_01.wav
  artifactKey: Guid(9ea11a2d13d536e4e8441a0f5895995c) Importer(815301076,1909f56bfc062723c751e8b465ee728b)
Start importing Assets/Footsteps - Essentials/Footsteps_DirtyGround/Footsteps_DirtyGround_Walk/Footsteps_DirtyGround_Walk_01.wav using Guid(9ea11a2d13d536e4e8441a0f5895995c) Importer(815301076,1909f56bfc062723c751e8b465ee728b)  -> (artifact id: '50d90784811e041e4b8e62d09f9f4002') in 0.008648 seconds
  Import took 0.010437 seconds .

========================================================================
Received Import Request.
  Time since last request: 5.537780 seconds.
  path: Assets/Footsteps - Essentials/Footsteps_DirtyGround/Footsteps_DirtyGround_Walk/Footsteps_DirtyGround_Walk_02.wav
  artifactKey: Guid(203ac8b6f07070e4f93f1c1a6fff06c3) Importer(815301076,1909f56bfc062723c751e8b465ee728b)
Start importing Assets/Footsteps - Essentials/Footsteps_DirtyGround/Footsteps_DirtyGround_Walk/Footsteps_DirtyGround_Walk_02.wav using Guid(203ac8b6f07070e4f93f1c1a6fff06c3) Importer(815301076,1909f56bfc062723c751e8b465ee728b)  -> (artifact id: 'fe4a8f5f24ca5f49a88998476b14fe00') in 0.012219 seconds
  Import took 0.014271 seconds .

========================================================================
Received Import Request.
  Time since last request: 0.002680 seconds.
  path: Assets/Footsteps - Essentials/Footsteps_DirtyGround/Footsteps_DirtyGround_Walk/Footsteps_DirtyGround_Walk_02.wav
  artifactKey: Guid(203ac8b6f07070e4f93f1c1a6fff06c3) Importer(815301076,1909f56bfc062723c751e8b465ee728b)
Start importing Assets/Footsteps - Essentials/Footsteps_DirtyGround/Footsteps_DirtyGround_Walk/Footsteps_DirtyGround_Walk_02.wav using Guid(203ac8b6f07070e4f93f1c1a6fff06c3) Importer(815301076,1909f56bfc062723c751e8b465ee728b)  -> (artifact id: 'fe4a8f5f24ca5f49a88998476b14fe00') in 0.008178 seconds
  Import took 0.009827 seconds .

========================================================================
Received Import Request.
  Time since last request: 64.746940 seconds.
  path: Assets/Footsteps - Essentials/Footsteps_DirtyGround/Footsteps_DirtyGround_Walk/Footsteps_DirtyGround_Walk_08.wav
  artifactKey: Guid(f1547ad8fbfa4f24d83e5a445aee860d) Importer(815301076,1909f56bfc062723c751e8b465ee728b)
Start importing Assets/Footsteps - Essentials/Footsteps_DirtyGround/Footsteps_DirtyGround_Walk/Footsteps_DirtyGround_Walk_08.wav using Guid(f1547ad8fbfa4f24d83e5a445aee860d) Importer(815301076,1909f56bfc062723c751e8b465ee728b)  -> (artifact id: 'ab698af451942569ffaeae5d715bcd62') in 0.010580 seconds
  Import took 0.012181 seconds .

========================================================================
Received Import Request.
  Time since last request: 0.000802 seconds.
  path: Assets/Footsteps - Essentials/Footsteps_DirtyGround/Footsteps_DirtyGround_Walk/Footsteps_DirtyGround_Walk_08.wav
  artifactKey: Guid(f1547ad8fbfa4f24d83e5a445aee860d) Importer(815301076,1909f56bfc062723c751e8b465ee728b)
Start importing Assets/Footsteps - Essentials/Footsteps_DirtyGround/Footsteps_DirtyGround_Walk/Footsteps_DirtyGround_Walk_08.wav using Guid(f1547ad8fbfa4f24d83e5a445aee860d) Importer(815301076,1909f56bfc062723c751e8b465ee728b)  -> (artifact id: 'ab698af451942569ffaeae5d715bcd62') in 0.008608 seconds
  Import took 0.010393 seconds .

========================================================================
Received Import Request.
  Time since last request: 2.897473 seconds.
  path: Assets/Footsteps - Essentials/Footsteps_DirtyGround/Footsteps_DirtyGround_Walk/Footsteps_DirtyGround_Walk_09.wav
  artifactKey: Guid(47832b56ccba5bc408b1d5aac1871746) Importer(815301076,1909f56bfc062723c751e8b465ee728b)
Start importing Assets/Footsteps - Essentials/Footsteps_DirtyGround/Footsteps_DirtyGround_Walk/Footsteps_DirtyGround_Walk_09.wav using Guid(47832b56ccba5bc408b1d5aac1871746) Importer(815301076,1909f56bfc062723c751e8b465ee728b)  -> (artifact id: 'b8bfde44aeb9f06e73e9592eda36dc5b') in 0.009670 seconds
  Import took 0.011360 seconds .

========================================================================
Received Import Request.
  Time since last request: 0.001141 seconds.
  path: Assets/Footsteps - Essentials/Footsteps_DirtyGround/Footsteps_DirtyGround_Walk/Footsteps_DirtyGround_Walk_09.wav
  artifactKey: Guid(47832b56ccba5bc408b1d5aac1871746) Importer(815301076,1909f56bfc062723c751e8b465ee728b)
Start importing Assets/Footsteps - Essentials/Footsteps_DirtyGround/Footsteps_DirtyGround_Walk/Footsteps_DirtyGround_Walk_09.wav using Guid(47832b56ccba5bc408b1d5aac1871746) Importer(815301076,1909f56bfc062723c751e8b465ee728b)  -> (artifact id: 'b8bfde44aeb9f06e73e9592eda36dc5b') in 0.008491 seconds
  Import took 0.010268 seconds .

========================================================================
Received Import Request.
  Time since last request: 1.076614 seconds.
  path: Assets/Footsteps - Essentials/Footsteps_DirtyGround/Footsteps_DirtyGround_Walk/Footsteps_DirtyGround_Walk_10.wav
  artifactKey: Guid(3d132da7af60f1145a3deb6a8bc42a08) Importer(815301076,1909f56bfc062723c751e8b465ee728b)
Start importing Assets/Footsteps - Essentials/Footsteps_DirtyGround/Footsteps_DirtyGround_Walk/Footsteps_DirtyGround_Walk_10.wav using Guid(3d132da7af60f1145a3deb6a8bc42a08) Importer(815301076,1909f56bfc062723c751e8b465ee728b)  -> (artifact id: 'fca78b5d7771e7d74998d839677cbb39') in 0.009232 seconds
  Import took 0.011040 seconds .

========================================================================
Received Import Request.
  Time since last request: 0.001107 seconds.
  path: Assets/Footsteps - Essentials/Footsteps_DirtyGround/Footsteps_DirtyGround_Walk/Footsteps_DirtyGround_Walk_10.wav
  artifactKey: Guid(3d132da7af60f1145a3deb6a8bc42a08) Importer(815301076,1909f56bfc062723c751e8b465ee728b)
Start importing Assets/Footsteps - Essentials/Footsteps_DirtyGround/Footsteps_DirtyGround_Walk/Footsteps_DirtyGround_Walk_10.wav using Guid(3d132da7af60f1145a3deb6a8bc42a08) Importer(815301076,1909f56bfc062723c751e8b465ee728b)  -> (artifact id: 'fca78b5d7771e7d74998d839677cbb39') in 0.008671 seconds
  Import took 0.010455 seconds .

========================================================================
Received Import Request.
  Time since last request: 11.057188 seconds.
  path: Assets/Footsteps - Essentials/Footsteps_DirtyGround/Footsteps_DirtyGround_Walk/Footsteps_DirtyGround_Walk_03.wav
  artifactKey: Guid(ac6649006dbee9e4685752e124111da7) Importer(815301076,1909f56bfc062723c751e8b465ee728b)
Start importing Assets/Footsteps - Essentials/Footsteps_DirtyGround/Footsteps_DirtyGround_Walk/Footsteps_DirtyGround_Walk_03.wav using Guid(ac6649006dbee9e4685752e124111da7) Importer(815301076,1909f56bfc062723c751e8b465ee728b)  -> (artifact id: '25ced5075ff3d72458ee72ed67427ac9') in 0.010001 seconds
  Import took 0.011702 seconds .

========================================================================
Received Import Request.
  Time since last request: 0.001267 seconds.
  path: Assets/Footsteps - Essentials/Footsteps_DirtyGround/Footsteps_DirtyGround_Walk/Footsteps_DirtyGround_Walk_03.wav
  artifactKey: Guid(ac6649006dbee9e4685752e124111da7) Importer(815301076,1909f56bfc062723c751e8b465ee728b)
Start importing Assets/Footsteps - Essentials/Footsteps_DirtyGround/Footsteps_DirtyGround_Walk/Footsteps_DirtyGround_Walk_03.wav using Guid(ac6649006dbee9e4685752e124111da7) Importer(815301076,1909f56bfc062723c751e8b465ee728b)  -> (artifact id: '25ced5075ff3d72458ee72ed67427ac9') in 0.009125 seconds
  Import took 0.010750 seconds .

========================================================================
Received Import Request.
  Time since last request: 7.290152 seconds.
  path: Assets/Footsteps - Essentials/Footsteps_DirtyGround/Footsteps_DirtyGround_Walk/Footsteps_DirtyGround_Walk_04.wav
  artifactKey: Guid(f42914d98b070f741b2feee96a2988ee) Importer(815301076,1909f56bfc062723c751e8b465ee728b)
Start importing Assets/Footsteps - Essentials/Footsteps_DirtyGround/Footsteps_DirtyGround_Walk/Footsteps_DirtyGround_Walk_04.wav using Guid(f42914d98b070f741b2feee96a2988ee) Importer(815301076,1909f56bfc062723c751e8b465ee728b)  -> (artifact id: '9c777739c0244c26515d30c721297147') in 0.010500 seconds
  Import took 0.012180 seconds .

========================================================================
Received Import Request.
  Time since last request: 0.000811 seconds.
  path: Assets/Footsteps - Essentials/Footsteps_DirtyGround/Footsteps_DirtyGround_Walk/Footsteps_DirtyGround_Walk_04.wav
  artifactKey: Guid(f42914d98b070f741b2feee96a2988ee) Importer(815301076,1909f56bfc062723c751e8b465ee728b)
Start importing Assets/Footsteps - Essentials/Footsteps_DirtyGround/Footsteps_DirtyGround_Walk/Footsteps_DirtyGround_Walk_04.wav using Guid(f42914d98b070f741b2feee96a2988ee) Importer(815301076,1909f56bfc062723c751e8b465ee728b)  -> (artifact id: '9c777739c0244c26515d30c721297147') in 0.008579 seconds
  Import took 0.010181 seconds .

========================================================================
Received Import Request.
  Time since last request: 21.917571 seconds.
  path: Assets/Footsteps - Essentials/Footsteps_Rock/Footsteps_Rock_Walk
  artifactKey: Guid(7b0df4b7e501e914282832ec027f653b) Importer(815301076,1909f56bfc062723c751e8b465ee728b)
Start importing Assets/Footsteps - Essentials/Footsteps_Rock/Footsteps_Rock_Walk using Guid(7b0df4b7e501e914282832ec027f653b) Importer(815301076,1909f56bfc062723c751e8b465ee728b)  -> (artifact id: 'e2fcda2296057bbb4e20e3726b0f1e67') in 0.004601 seconds
  Import took 0.006438 seconds .

========================================================================
Received Import Request.
  Time since last request: 0.946595 seconds.
  path: Assets/Footsteps - Essentials/Footsteps_Rock/Footsteps_Rock_Walk/Footsteps_Rock_Walk_01.wav
  artifactKey: Guid(1f0199a4c6005ec4abbb302f71bc036d) Importer(815301076,1909f56bfc062723c751e8b465ee728b)
Start importing Assets/Footsteps - Essentials/Footsteps_Rock/Footsteps_Rock_Walk/Footsteps_Rock_Walk_01.wav using Guid(1f0199a4c6005ec4abbb302f71bc036d) Importer(815301076,1909f56bfc062723c751e8b465ee728b)  -> (artifact id: 'a9d5bdd3fc8df483148db2125fb82c30') in 0.011306 seconds
  Import took 0.013097 seconds .

========================================================================
Received Import Request.
  Time since last request: 0.000425 seconds.
  path: Assets/Footsteps - Essentials/Footsteps_Rock/Footsteps_Rock_Walk/Footsteps_Rock_Walk_01.wav
  artifactKey: Guid(1f0199a4c6005ec4abbb302f71bc036d) Importer(815301076,1909f56bfc062723c751e8b465ee728b)
Start importing Assets/Footsteps - Essentials/Footsteps_Rock/Footsteps_Rock_Walk/Footsteps_Rock_Walk_01.wav using Guid(1f0199a4c6005ec4abbb302f71bc036d) Importer(815301076,1909f56bfc062723c751e8b465ee728b)  -> (artifact id: 'a9d5bdd3fc8df483148db2125fb82c30') in 0.008849 seconds
  Import took 0.010785 seconds .

========================================================================
Received Import Request.
  Time since last request: 9.243666 seconds.
  path: Assets/Footsteps - Essentials/Footsteps_Rock/Footsteps_Rock_Walk/Footsteps_Rock_Walk_02.wav
  artifactKey: Guid(53e2adf2ac488ef46bb2b4074de9e363) Importer(815301076,1909f56bfc062723c751e8b465ee728b)
Start importing Assets/Footsteps - Essentials/Footsteps_Rock/Footsteps_Rock_Walk/Footsteps_Rock_Walk_02.wav using Guid(53e2adf2ac488ef46bb2b4074de9e363) Importer(815301076,1909f56bfc062723c751e8b465ee728b)  -> (artifact id: 'f7c68dcb65f78f60d4626b08d812bd39') in 0.010818 seconds
  Import took 0.012488 seconds .

========================================================================
Received Import Request.
  Time since last request: 0.000912 seconds.
  path: Assets/Footsteps - Essentials/Footsteps_Rock/Footsteps_Rock_Walk/Footsteps_Rock_Walk_02.wav
  artifactKey: Guid(53e2adf2ac488ef46bb2b4074de9e363) Importer(815301076,1909f56bfc062723c751e8b465ee728b)
Start importing Assets/Footsteps - Essentials/Footsteps_Rock/Footsteps_Rock_Walk/Footsteps_Rock_Walk_02.wav using Guid(53e2adf2ac488ef46bb2b4074de9e363) Importer(815301076,1909f56bfc062723c751e8b465ee728b)  -> (artifact id: 'f7c68dcb65f78f60d4626b08d812bd39') in 0.008763 seconds
  Import took 0.010976 seconds .

========================================================================
Received Import Request.
  Time since last request: 3.830185 seconds.
  path: Assets/Footsteps - Essentials/Footsteps_Rock/Footsteps_Rock_Walk/Footsteps_Rock_Walk_03.wav
  artifactKey: Guid(a03a96c5d1e99b4409ddd79098abd9ab) Importer(815301076,1909f56bfc062723c751e8b465ee728b)
Start importing Assets/Footsteps - Essentials/Footsteps_Rock/Footsteps_Rock_Walk/Footsteps_Rock_Walk_03.wav using Guid(a03a96c5d1e99b4409ddd79098abd9ab) Importer(815301076,1909f56bfc062723c751e8b465ee728b)  -> (artifact id: '54eb3013977916d96285231964edaf32') in 0.010324 seconds
  Import took 0.012124 seconds .

========================================================================
Received Import Request.
  Time since last request: 0.001349 seconds.
  path: Assets/Footsteps - Essentials/Footsteps_Rock/Footsteps_Rock_Walk/Footsteps_Rock_Walk_03.wav
  artifactKey: Guid(a03a96c5d1e99b4409ddd79098abd9ab) Importer(815301076,1909f56bfc062723c751e8b465ee728b)
Start importing Assets/Footsteps - Essentials/Footsteps_Rock/Footsteps_Rock_Walk/Footsteps_Rock_Walk_03.wav using Guid(a03a96c5d1e99b4409ddd79098abd9ab) Importer(815301076,1909f56bfc062723c751e8b465ee728b)  -> (artifact id: '54eb3013977916d96285231964edaf32') in 0.010759 seconds
  Import took 0.012940 seconds .

========================================================================
Received Import Request.
  Time since last request: 3.920276 seconds.
  path: Assets/Footsteps - Essentials/Footsteps_Rock/Footsteps_Rock_Walk/Footsteps_Rock_Walk_04.wav
  artifactKey: Guid(7187dc81f98b8be4eb97bfc4dd9a5abf) Importer(815301076,1909f56bfc062723c751e8b465ee728b)
Start importing Assets/Footsteps - Essentials/Footsteps_Rock/Footsteps_Rock_Walk/Footsteps_Rock_Walk_04.wav using Guid(7187dc81f98b8be4eb97bfc4dd9a5abf) Importer(815301076,1909f56bfc062723c751e8b465ee728b)  -> (artifact id: 'a3c11e705c2bf0a3aa5ea1832cec1d1b') in 0.011173 seconds
  Import took 0.013553 seconds .

========================================================================
Received Import Request.
  Time since last request: 0.000554 seconds.
  path: Assets/Footsteps - Essentials/Footsteps_Rock/Footsteps_Rock_Walk/Footsteps_Rock_Walk_04.wav
  artifactKey: Guid(7187dc81f98b8be4eb97bfc4dd9a5abf) Importer(815301076,1909f56bfc062723c751e8b465ee728b)
Start importing Assets/Footsteps - Essentials/Footsteps_Rock/Footsteps_Rock_Walk/Footsteps_Rock_Walk_04.wav using Guid(7187dc81f98b8be4eb97bfc4dd9a5abf) Importer(815301076,1909f56bfc062723c751e8b465ee728b)  -> (artifact id: 'a3c11e705c2bf0a3aa5ea1832cec1d1b') in 0.010976 seconds
  Import took 0.013785 seconds .

========================================================================
Received Import Request.
  Time since last request: 3.763602 seconds.
  path: Assets/Footsteps - Essentials/Footsteps_Rock/Footsteps_Rock_Walk/Footsteps_Rock_Walk_05.wav
  artifactKey: Guid(e3cfcb32689b274419ac73380ea96888) Importer(815301076,1909f56bfc062723c751e8b465ee728b)
Start importing Assets/Footsteps - Essentials/Footsteps_Rock/Footsteps_Rock_Walk/Footsteps_Rock_Walk_05.wav using Guid(e3cfcb32689b274419ac73380ea96888) Importer(815301076,1909f56bfc062723c751e8b465ee728b)  -> (artifact id: '13491a6897b8791ad5a999194a0c24c4') in 0.009892 seconds
  Import took 0.011708 seconds .

========================================================================
Received Import Request.
  Time since last request: 0.000597 seconds.
  path: Assets/Footsteps - Essentials/Footsteps_Rock/Footsteps_Rock_Walk/Footsteps_Rock_Walk_05.wav
  artifactKey: Guid(e3cfcb32689b274419ac73380ea96888) Importer(815301076,1909f56bfc062723c751e8b465ee728b)
Start importing Assets/Footsteps - Essentials/Footsteps_Rock/Footsteps_Rock_Walk/Footsteps_Rock_Walk_05.wav using Guid(e3cfcb32689b274419ac73380ea96888) Importer(815301076,1909f56bfc062723c751e8b465ee728b)  -> (artifact id: '13491a6897b8791ad5a999194a0c24c4') in 0.008967 seconds
  Import took 0.010967 seconds .

========================================================================
Received Import Request.
  Time since last request: 12.847957 seconds.
  path: Assets/OrchestralFantasy_Lite/GoodFellow_Theme_NoDrums.wav
  artifactKey: Guid(e43d1bb718e4de74cba12730590ec5fb) Importer(815301076,1909f56bfc062723c751e8b465ee728b)
Start importing Assets/OrchestralFantasy_Lite/GoodFellow_Theme_NoDrums.wav using Guid(e43d1bb718e4de74cba12730590ec5fb) Importer(815301076,1909f56bfc062723c751e8b465ee728b)  -> (artifact id: '06370400838875f9e31fa6b7cb489a1c') in 0.011076 seconds
  Import took 0.012869 seconds .

========================================================================
Received Import Request.
  Time since last request: 12.188288 seconds.
  path: Assets/OrchestralFantasy_Lite/GoodFellow_Theme_NoPiano.wav
  artifactKey: Guid(c08f062322bd3e1498b5dbc21c9b4727) Importer(815301076,1909f56bfc062723c751e8b465ee728b)
Start importing Assets/OrchestralFantasy_Lite/GoodFellow_Theme_NoPiano.wav using Guid(c08f062322bd3e1498b5dbc21c9b4727) Importer(815301076,1909f56bfc062723c751e8b465ee728b)  -> (artifact id: '00e1cad2e9877c63d2766a80ffc90946') in 0.011358 seconds
  Import took 0.013130 seconds .

========================================================================
Received Import Request.
  Time since last request: 7.070903 seconds.
  path: Assets/OrchestralFantasy_Lite/GoodFellow_Trumpet_Theme.wav
  artifactKey: Guid(d8006c40fe9bdf4479ce8892a6139327) Importer(815301076,1909f56bfc062723c751e8b465ee728b)
Start importing Assets/OrchestralFantasy_Lite/GoodFellow_Trumpet_Theme.wav using Guid(d8006c40fe9bdf4479ce8892a6139327) Importer(815301076,1909f56bfc062723c751e8b465ee728b)  -> (artifact id: '340501ee43422194928fcb0bcaa02766') in 0.010920 seconds
  Import took 0.012538 seconds .

========================================================================
Received Import Request.
  Time since last request: 0.001106 seconds.
  path: Assets/OrchestralFantasy_Lite/GoodFellow_Trumpet_Theme.wav
  artifactKey: Guid(d8006c40fe9bdf4479ce8892a6139327) Importer(815301076,1909f56bfc062723c751e8b465ee728b)
Start importing Assets/OrchestralFantasy_Lite/GoodFellow_Trumpet_Theme.wav using Guid(d8006c40fe9bdf4479ce8892a6139327) Importer(815301076,1909f56bfc062723c751e8b465ee728b)  -> (artifact id: '340501ee43422194928fcb0bcaa02766') in 0.010137 seconds
  Import took 0.011811 seconds .

========================================================================
Received Import Request.
  Time since last request: 7.868957 seconds.
  path: Assets/OrchestralFantasy_Lite/Harvest_Theme.wav
  artifactKey: Guid(643d740cd976de444beb7fef56b1f404) Importer(815301076,1909f56bfc062723c751e8b465ee728b)
Start importing Assets/OrchestralFantasy_Lite/Harvest_Theme.wav using Guid(643d740cd976de444beb7fef56b1f404) Importer(815301076,1909f56bfc062723c751e8b465ee728b)  -> (artifact id: '10d0a11ba7381ac1de54c87c5b37407b') in 0.010981 seconds
  Import took 0.013051 seconds .

========================================================================
Received Import Request.
  Time since last request: 9.534665 seconds.
  path: Assets/OrchestralFantasy_Lite/Harvestless_Theme.wav
  artifactKey: Guid(c5f3244ac613c344ea10965cfb242c24) Importer(815301076,1909f56bfc062723c751e8b465ee728b)
Start importing Assets/OrchestralFantasy_Lite/Harvestless_Theme.wav using Guid(c5f3244ac613c344ea10965cfb242c24) Importer(815301076,1909f56bfc062723c751e8b465ee728b)  -> (artifact id: 'c77ce965bbcb9b97073f8c04adc477d3') in 0.013578 seconds
  Import took 0.015351 seconds .

========================================================================
Received Import Request.
  Time since last request: 0.002852 seconds.
  path: Assets/OrchestralFantasy_Lite/Harvestless_Theme.wav
  artifactKey: Guid(c5f3244ac613c344ea10965cfb242c24) Importer(815301076,1909f56bfc062723c751e8b465ee728b)
Start importing Assets/OrchestralFantasy_Lite/Harvestless_Theme.wav using Guid(c5f3244ac613c344ea10965cfb242c24) Importer(815301076,1909f56bfc062723c751e8b465ee728b)  -> (artifact id: 'c77ce965bbcb9b97073f8c04adc477d3') in 0.009970 seconds
  Import took 0.011611 seconds .

========================================================================
Received Import Request.
  Time since last request: 10.005100 seconds.
  path: Assets/OrchestralFantasy_Lite/HeroIsComing.wav
  artifactKey: Guid(23889888cba5a9a4ba647d3e28be76db) Importer(815301076,1909f56bfc062723c751e8b465ee728b)
Start importing Assets/OrchestralFantasy_Lite/HeroIsComing.wav using Guid(23889888cba5a9a4ba647d3e28be76db) Importer(815301076,1909f56bfc062723c751e8b465ee728b)  -> (artifact id: 'd9ad98a6eac82d55440fd819440a095f') in 0.013237 seconds
  Import took 0.015710 seconds .

========================================================================
Received Import Request.
  Time since last request: 0.000812 seconds.
  path: Assets/OrchestralFantasy_Lite/HeroIsComing.wav
  artifactKey: Guid(23889888cba5a9a4ba647d3e28be76db) Importer(815301076,1909f56bfc062723c751e8b465ee728b)
Start importing Assets/OrchestralFantasy_Lite/HeroIsComing.wav using Guid(23889888cba5a9a4ba647d3e28be76db) Importer(815301076,1909f56bfc062723c751e8b465ee728b)  -> (artifact id: 'd9ad98a6eac82d55440fd819440a095f') in 0.008741 seconds
  Import took 0.011296 seconds .

========================================================================
Received Import Request.
  Time since last request: 1.607768 seconds.
  path: Assets/OrchestralFantasy_Lite/Percussion.wav
  artifactKey: Guid(93e41a77fafcb8140b7df4b57c2d9fec) Importer(815301076,1909f56bfc062723c751e8b465ee728b)
Start importing Assets/OrchestralFantasy_Lite/Percussion.wav using Guid(93e41a77fafcb8140b7df4b57c2d9fec) Importer(815301076,1909f56bfc062723c751e8b465ee728b)  -> (artifact id: 'b1ed9888e4296b6b8025b425682a22cb') in 0.012466 seconds
  Import took 0.014110 seconds .

========================================================================
Received Import Request.
  Time since last request: 4.711612 seconds.
  path: Assets/OrchestralFantasy_Lite/MagicCave_Amb.wav
  artifactKey: Guid(86f50c25b05a65541bcf3df2f946cef4) Importer(815301076,1909f56bfc062723c751e8b465ee728b)
Start importing Assets/OrchestralFantasy_Lite/MagicCave_Amb.wav using Guid(86f50c25b05a65541bcf3df2f946cef4) Importer(815301076,1909f56bfc062723c751e8b465ee728b)  -> (artifact id: 'e4cf519e60a8fe8527d1aa5bdbe064f6') in 0.009677 seconds
  Import took 0.011327 seconds .

========================================================================
Received Import Request.
  Time since last request: 0.001171 seconds.
  path: Assets/OrchestralFantasy_Lite/MagicCave_Amb.wav
  artifactKey: Guid(86f50c25b05a65541bcf3df2f946cef4) Importer(815301076,1909f56bfc062723c751e8b465ee728b)
Start importing Assets/OrchestralFantasy_Lite/MagicCave_Amb.wav using Guid(86f50c25b05a65541bcf3df2f946cef4) Importer(815301076,1909f56bfc062723c751e8b465ee728b)  -> (artifact id: 'e4cf519e60a8fe8527d1aa5bdbe064f6') in 0.009054 seconds
  Import took 0.011210 seconds .

========================================================================
Received Prepare
Default GameObject BitMask: CountDown already registered

Registering precompiled user dll's ...
Registered in 0.000971 seconds.
Begin MonoManager ReloadAssembly
Native extension for WindowsStandalone target not found
Native extension for WebGL target not found
Refreshing native plugins compatible for Editor in 0.27 ms, found 0 plugins.
Preloading 0 native plugins for Editor in 0.00 ms.
Mono: successfully reloaded assembly
- Completed reload, in  0.668 seconds
Platform modules already initialized, skipping
Refreshing native plugins compatible for Editor in 0.29 ms, found 0 plugins.
Preloading 0 native plugins for Editor in 0.00 ms.
Unloading 1122 Unused Serialized files (Serialized files now loaded: 0)
System memory in use before: 62.0 MB.
System memory in use after: 62.1 MB.

Unloading 5 unused Assets to reduce memory usage. Loaded Objects now: 1582.
Total: 1.416400 ms (FindLiveObjects: 0.149400 ms CreateObjectMapping: 0.024500 ms MarkObjects: 1.175600 ms  DeleteObjects: 0.065400 ms)

========================================================================
Received Import Request.
  Time since last request: 183.624271 seconds.
  path: Assets/Scripts/NewBehaviourScript.cs
  artifactKey: Guid(4089fda34c2dd9a408e136e1d1182f9e) Importer(815301076,1909f56bfc062723c751e8b465ee728b)
Start importing Assets/Scripts/NewBehaviourScript.cs using Guid(4089fda34c2dd9a408e136e1d1182f9e) Importer(815301076,1909f56bfc062723c751e8b465ee728b)  -> (artifact id: 'c926432c0a9a7ae3e63275f9d046da8e') in 0.019579 seconds
  Import took 0.021729 seconds .

========================================================================
Received Prepare
Default GameObject BitMask: CountDown already registered

Registering precompiled user dll's ...
Registered in 0.000684 seconds.
Begin MonoManager ReloadAssembly
Native extension for WindowsStandalone target not found
Native extension for WebGL target not found
Refreshing native plugins compatible for Editor in 0.26 ms, found 0 plugins.
Preloading 0 native plugins for Editor in 0.00 ms.
Mono: successfully reloaded assembly
- Completed reload, in  0.609 seconds
Platform modules already initialized, skipping
Refreshing native plugins compatible for Editor in 0.30 ms, found 0 plugins.
Preloading 0 native plugins for Editor in 0.00 ms.
Unloading 1121 Unused Serialized files (Serialized files now loaded: 0)
System memory in use before: 62.0 MB.
System memory in use after: 62.1 MB.

Unloading 6 unused Assets to reduce memory usage. Loaded Objects now: 1584.
Total: 1.733600 ms (FindLiveObjects: 0.164600 ms CreateObjectMapping: 0.030800 ms MarkObjects: 1.471100 ms  DeleteObjects: 0.066100 ms)

========================================================================
Received Prepare
Default GameObject BitMask: CountDown already registered

Registering precompiled user dll's ...
Registered in 0.000889 seconds.
Begin MonoManager ReloadAssembly
Native extension for WindowsStandalone target not found
Native extension for WebGL target not found
Refreshing native plugins compatible for Editor in 0.26 ms, found 0 plugins.
Preloading 0 native plugins for Editor in 0.00 ms.
Mono: successfully reloaded assembly
- Completed reload, in  0.638 seconds
Platform modules already initialized, skipping
Refreshing native plugins compatible for Editor in 0.29 ms, found 0 plugins.
Preloading 0 native plugins for Editor in 0.00 ms.
Unloading 1121 Unused Serialized files (Serialized files now loaded: 0)
System memory in use before: 62.0 MB.
System memory in use after: 62.1 MB.

Unloading 5 unused Assets to reduce memory usage. Loaded Objects now: 1587.
Total: 1.785800 ms (FindLiveObjects: 0.171800 ms CreateObjectMapping: 0.050800 ms MarkObjects: 1.497800 ms  DeleteObjects: 0.064200 ms)

========================================================================
Received Import Request.
  Time since last request: 81.247289 seconds.
  path: Assets/Scripts/PlayerController.cs
  artifactKey: Guid(4ad8cbbc3bb895142822e975ee52be08) Importer(815301076,1909f56bfc062723c751e8b465ee728b)
Start importing Assets/Scripts/PlayerController.cs using Guid(4ad8cbbc3bb895142822e975ee52be08) Importer(815301076,1909f56bfc062723c751e8b465ee728b)  -> (artifact id: '5bdb1724bee2e01f3a56a4f094b0367e') in 0.007107 seconds
  Import took 0.009076 seconds .

========================================================================
Received Prepare
Default GameObject BitMask: CountDown already registered

Registering precompiled user dll's ...
Registered in 0.001705 seconds.
Begin MonoManager ReloadAssembly
Native extension for WindowsStandalone target not found
Native extension for WebGL target not found
Refreshing native plugins compatible for Editor in 1.07 ms, found 0 plugins.
Preloading 0 native plugins for Editor in 0.00 ms.
Mono: successfully reloaded assembly
- Completed reload, in  1.432 seconds
Platform modules already initialized, skipping
Refreshing native plugins compatible for Editor in 0.93 ms, found 0 plugins.
Preloading 0 native plugins for Editor in 0.00 ms.
Unloading 1121 Unused Serialized files (Serialized files now loaded: 0)
System memory in use before: 62.0 MB.
System memory in use after: 62.1 MB.

Unloading 5 unused Assets to reduce memory usage. Loaded Objects now: 1590.
Total: 3.933500 ms (FindLiveObjects: 0.710100 ms CreateObjectMapping: 0.162600 ms MarkObjects: 2.983100 ms  DeleteObjects: 0.075700 ms)

========================================================================
Received Prepare
Default GameObject BitMask: CountDown already registered

Registering precompiled user dll's ...
Registered in 0.000841 seconds.
Begin MonoManager ReloadAssembly
Native extension for WindowsStandalone target not found
Native extension for WebGL target not found
Refreshing native plugins compatible for Editor in 0.27 ms, found 0 plugins.
Preloading 0 native plugins for Editor in 0.00 ms.
Mono: successfully reloaded assembly
- Completed reload, in  0.585 seconds
Platform modules already initialized, skipping
Refreshing native plugins compatible for Editor in 0.39 ms, found 0 plugins.
Preloading 0 native plugins for Editor in 0.00 ms.
Unloading 1121 Unused Serialized files (Serialized files now loaded: 0)
System memory in use before: 62.0 MB.
System memory in use after: 62.1 MB.

Unloading 5 unused Assets to reduce memory usage. Loaded Objects now: 1593.
Total: 1.558000 ms (FindLiveObjects: 0.203200 ms CreateObjectMapping: 0.031200 ms MarkObjects: 1.266900 ms  DeleteObjects: 0.055500 ms)

========================================================================
Received Prepare
Default GameObject BitMask: CountDown already registered

Registering precompiled user dll's ...
Registered in 0.000772 seconds.
Begin MonoManager ReloadAssembly
Native extension for WindowsStandalone target not found
Native extension for WebGL target not found
Refreshing native plugins compatible for Editor in 0.25 ms, found 0 plugins.
Preloading 0 native plugins for Editor in 0.00 ms.
Mono: successfully reloaded assembly
- Completed reload, in  0.617 seconds
Platform modules already initialized, skipping
Refreshing native plugins compatible for Editor in 0.28 ms, found 0 plugins.
Preloading 0 native plugins for Editor in 0.00 ms.
Unloading 1121 Unused Serialized files (Serialized files now loaded: 0)
System memory in use before: 62.0 MB.
System memory in use after: 62.1 MB.

Unloading 5 unused Assets to reduce memory usage. Loaded Objects now: 1596.
Total: 1.526500 ms (FindLiveObjects: 0.168200 ms CreateObjectMapping: 0.068600 ms MarkObjects: 1.241400 ms  DeleteObjects: 0.047000 ms)

========================================================================
Received Prepare
Default GameObject BitMask: CountDown already registered

Registering precompiled user dll's ...
Registered in 0.001602 seconds.
Begin MonoManager ReloadAssembly
Native extension for WindowsStandalone target not found
Native extension for WebGL target not found
Refreshing native plugins compatible for Editor in 0.36 ms, found 0 plugins.
Preloading 0 native plugins for Editor in 0.00 ms.
Mono: successfully reloaded assembly
- Completed reload, in  0.583 seconds
Platform modules already initialized, skipping
Refreshing native plugins compatible for Editor in 0.26 ms, found 0 plugins.
Preloading 0 native plugins for Editor in 0.00 ms.
Unloading 1121 Unused Serialized files (Serialized files now loaded: 0)
System memory in use before: 62.0 MB.
System memory in use after: 62.1 MB.

Unloading 5 unused Assets to reduce memory usage. Loaded Objects now: 1599.
Total: 1.587700 ms (FindLiveObjects: 0.184200 ms CreateObjectMapping: 0.039200 ms MarkObjects: 1.314400 ms  DeleteObjects: 0.048600 ms)

========================================================================
Received Prepare
Default GameObject BitMask: CountDown already registered

Registering precompiled user dll's ...
Registered in 0.000935 seconds.
Begin MonoManager ReloadAssembly
Native extension for WindowsStandalone target not found
Native extension for WebGL target not found
Refreshing native plugins compatible for Editor in 0.29 ms, found 0 plugins.
Preloading 0 native plugins for Editor in 0.00 ms.
Mono: successfully reloaded assembly
- Completed reload, in  0.594 seconds
Platform modules already initialized, skipping
Refreshing native plugins compatible for Editor in 0.26 ms, found 0 plugins.
Preloading 0 native plugins for Editor in 0.00 ms.
Unloading 1121 Unused Serialized files (Serialized files now loaded: 0)
System memory in use before: 62.0 MB.
System memory in use after: 62.1 MB.

Unloading 5 unused Assets to reduce memory usage. Loaded Objects now: 1602.
Total: 1.509200 ms (FindLiveObjects: 0.224900 ms CreateObjectMapping: 0.043000 ms MarkObjects: 1.183000 ms  DeleteObjects: 0.057000 ms)

========================================================================
Received Prepare
Default GameObject BitMask: CountDown already registered

Registering precompiled user dll's ...
Registered in 0.000831 seconds.
Begin MonoManager ReloadAssembly
Native extension for WindowsStandalone target not found
Native extension for WebGL target not found
Refreshing native plugins compatible for Editor in 0.27 ms, found 0 plugins.
Preloading 0 native plugins for Editor in 0.00 ms.
Mono: successfully reloaded assembly
- Completed reload, in  0.640 seconds
Platform modules already initialized, skipping
Refreshing native plugins compatible for Editor in 0.25 ms, found 0 plugins.
Preloading 0 native plugins for Editor in 0.00 ms.
Unloading 1121 Unused Serialized files (Serialized files now loaded: 0)
System memory in use before: 62.0 MB.
System memory in use after: 62.1 MB.

Unloading 5 unused Assets to reduce memory usage. Loaded Objects now: 1605.
Total: 1.741300 ms (FindLiveObjects: 0.197000 ms CreateObjectMapping: 0.051200 ms MarkObjects: 1.443000 ms  DeleteObjects: 0.048200 ms)

========================================================================
Received Prepare
Default GameObject BitMask: CountDown already registered

Registering precompiled user dll's ...
Registered in 0.000698 seconds.
Begin MonoManager ReloadAssembly
Native extension for WindowsStandalone target not found
Native extension for WebGL target not found
Refreshing native plugins compatible for Editor in 0.27 ms, found 0 plugins.
Preloading 0 native plugins for Editor in 0.00 ms.
Mono: successfully reloaded assembly
- Completed reload, in  0.607 seconds
Platform modules already initialized, skipping
Refreshing native plugins compatible for Editor in 0.40 ms, found 0 plugins.
Preloading 0 native plugins for Editor in 0.00 ms.
Unloading 1121 Unused Serialized files (Serialized files now loaded: 0)
System memory in use before: 62.0 MB.
System memory in use after: 62.1 MB.

Unloading 5 unused Assets to reduce memory usage. Loaded Objects now: 1608.
Total: 1.768600 ms (FindLiveObjects: 0.176600 ms CreateObjectMapping: 0.022500 ms MarkObjects: 1.509400 ms  DeleteObjects: 0.058900 ms)

========================================================================
Received Prepare
Default GameObject BitMask: CountDown already registered

Registering precompiled user dll's ...
Registered in 0.000703 seconds.
Begin MonoManager ReloadAssembly
Native extension for WindowsStandalone target not found
Native extension for WebGL target not found
Refreshing native plugins compatible for Editor in 0.26 ms, found 0 plugins.
Preloading 0 native plugins for Editor in 0.00 ms.
Mono: successfully reloaded assembly
- Completed reload, in  0.547 seconds
Platform modules already initialized, skipping
Refreshing native plugins compatible for Editor in 0.32 ms, found 0 plugins.
Preloading 0 native plugins for Editor in 0.00 ms.
Unloading 1121 Unused Serialized files (Serialized files now loaded: 0)
System memory in use before: 62.1 MB.
System memory in use after: 62.1 MB.

Unloading 5 unused Assets to reduce memory usage. Loaded Objects now: 1611.
Total: 1.574800 ms (FindLiveObjects: 0.186300 ms CreateObjectMapping: 0.030400 ms MarkObjects: 1.313800 ms  DeleteObjects: 0.043300 ms)

========================================================================
Received Prepare
Default GameObject BitMask: CountDown already registered

Registering precompiled user dll's ...
Registered in 0.000775 seconds.
Begin MonoManager ReloadAssembly
Native extension for WindowsStandalone target not found
Native extension for WebGL target not found
Refreshing native plugins compatible for Editor in 0.26 ms, found 0 plugins.
Preloading 0 native plugins for Editor in 0.00 ms.
Mono: successfully reloaded assembly
- Completed reload, in  0.605 seconds
Platform modules already initialized, skipping
Refreshing native plugins compatible for Editor in 0.25 ms, found 0 plugins.
Preloading 0 native plugins for Editor in 0.00 ms.
Unloading 1121 Unused Serialized files (Serialized files now loaded: 0)
System memory in use before: 62.1 MB.
System memory in use after: 62.1 MB.

Unloading 5 unused Assets to reduce memory usage. Loaded Objects now: 1614.
Total: 1.922100 ms (FindLiveObjects: 0.165600 ms CreateObjectMapping: 0.023600 ms MarkObjects: 1.643400 ms  DeleteObjects: 0.088600 ms)

AssetImportWorkerClient::OnTransportError - code=2 error=End of file
