Using pre-set license
Built from '2020.3/staging' branch; Version is '2020.3.6f1 (338bb68529b2) revision 3378102'; Using compiler version '192528614'; Build Type 'Release'
OS: 'Windows 10 Home; OS build 19043.1526; Version 2009; 64bit' Language: 'ko' Physical Memory: 16023 MB
BatchMode: 1, IsHumanControllingUs: 0, StartBugReporterOnCrash: 0, Is64bit: 1, IsPro: 0

 COMMAND LINE ARGUMENTS:
C:\Program Files\Unity\Hub\Editor\2020.3.6f1\Editor\Unity.exe
-adb2
-batchMode
-noUpm
-name
AssetImportWorker2
-projectPath
C:/Users/kayla/OneDrive/바탕 화면/Create with Code/ESCAPE_GAME
-logFile
Logs/AssetImportWorker2.log
-srvPort
60612
Successfully changed project path to: C:/Users/kayla/OneDrive/바탕 화면/Create with Code/ESCAPE_GAME
C:/Users/kayla/OneDrive/바탕 화면/Create with Code/ESCAPE_GAME
Using Asset Import Pipeline V2.
Default GameObject BitMask: CountDown already registered

Refreshing native plugins compatible for Editor in 36.56 ms, found 0 plugins.
Preloading 0 native plugins for Editor in 0.00 ms.
Initialize engine version: 2020.3.6f1 (338bb68529b2)
[Subsystems] Discovering subsystems at path C:/Program Files/Unity/Hub/Editor/2020.3.6f1/Editor/Data/Resources/UnitySubsystems
[Subsystems] Discovering subsystems at path C:/Users/kayla/OneDrive/바탕 화면/Create with Code/ESCAPE_GAME/Assets
GfxDevice: creating device client; threaded=0
Direct3D:
    Version:  Direct3D 11.0 [level 11.1]
    Renderer: Intel(R) Iris(R) Xe Graphics (ID=0x9a49)
    Vendor:   
    VRAM:     8011 MB
    Driver:   30.0.100.9864
Initialize mono
Mono path[0] = 'C:/Program Files/Unity/Hub/Editor/2020.3.6f1/Editor/Data/Managed'
Mono path[1] = 'C:/Program Files/Unity/Hub/Editor/2020.3.6f1/Editor/Data/MonoBleedingEdge/lib/mono/unityjit'
Mono config path = 'C:/Program Files/Unity/Hub/Editor/2020.3.6f1/Editor/Data/MonoBleedingEdge/etc'
Using monoOptions --debugger-agent=transport=dt_socket,embedding=1,server=y,suspend=n,address=127.0.0.1:56660
Begin MonoManager ReloadAssembly
Registering precompiled unity dll's ...
Register platform support module: C:/Program Files/Unity/Hub/Editor/2020.3.6f1/Editor/Data/PlaybackEngines/WebGLSupport/UnityEditor.WebGL.Extensions.dll
Register platform support module: C:/Program Files/Unity/Hub/Editor/2020.3.6f1/Editor/Data/PlaybackEngines/WindowsStandaloneSupport/UnityEditor.WindowsStandalone.Extensions.dll
Registered in 0.004864 seconds.
Native extension for WindowsStandalone target not found
Native extension for WebGL target not found
Refreshing native plugins compatible for Editor in 22.25 ms, found 0 plugins.
Preloading 0 native plugins for Editor in 0.00 ms.
Mono: successfully reloaded assembly
- Completed reload, in  2.489 seconds
Platform modules already initialized, skipping
Registering precompiled user dll's ...
Registered in 0.001087 seconds.
Begin MonoManager ReloadAssembly
Native extension for WindowsStandalone target not found
Native extension for WebGL target not found
Refreshing native plugins compatible for Editor in 0.22 ms, found 0 plugins.
Preloading 0 native plugins for Editor in 0.00 ms.
Mono: successfully reloaded assembly
- Completed reload, in  0.656 seconds
Platform modules already initialized, skipping
========================================================================
Worker process is ready to serve import requests
Default GameObject BitMask: CountDown already registered

Launched and connected shader compiler UnityShaderCompiler.exe after 0.06 seconds
Refreshing native plugins compatible for Editor in 0.21 ms, found 0 plugins.
Preloading 0 native plugins for Editor in 0.00 ms.
Unloading 1125 Unused Serialized files (Serialized files now loaded: 0)
System memory in use before: 57.8 MB.
System memory in use after: 57.8 MB.

Unloading 10 unused Assets to reduce memory usage. Loaded Objects now: 1568.
Total: 1.493500 ms (FindLiveObjects: 0.120400 ms CreateObjectMapping: 0.020000 ms MarkObjects: 1.277300 ms  DeleteObjects: 0.075100 ms)

========================================================================
Received Import Request.
  path: Assets/Prefab/Line.prefab
  artifactKey: Guid(ac384575f39de264ab7784ccb83db736) Importer(815301076,1909f56bfc062723c751e8b465ee728b)
Start importing Assets/Prefab/Line.prefab using Guid(ac384575f39de264ab7784ccb83db736) Importer(815301076,1909f56bfc062723c751e8b465ee728b)  -> (artifact id: 'e34a29a4c9b9db71cb90fbeea7932ab6') in 0.047857 seconds
  Import took 0.050384 seconds .

========================================================================
Received Import Request.
  Time since last request: 8.769039 seconds.
  path: Assets/Prefab/Line.prefab
  artifactKey: Guid(ac384575f39de264ab7784ccb83db736) Importer(815301076,1909f56bfc062723c751e8b465ee728b)
Start importing Assets/Prefab/Line.prefab using Guid(ac384575f39de264ab7784ccb83db736) Importer(815301076,1909f56bfc062723c751e8b465ee728b)  -> (artifact id: '47cde6aec5b2941b10d072608400349d') in 0.005553 seconds
  Import took 0.008224 seconds .

========================================================================
Received Prepare
Default GameObject BitMask: CountDown already registered

Registering precompiled user dll's ...
Registered in 0.000674 seconds.
Begin MonoManager ReloadAssembly
Native extension for WindowsStandalone target not found
Native extension for WebGL target not found
Refreshing native plugins compatible for Editor in 0.21 ms, found 0 plugins.
Preloading 0 native plugins for Editor in 0.00 ms.
Mono: successfully reloaded assembly
- Completed reload, in  0.650 seconds
Platform modules already initialized, skipping
Refreshing native plugins compatible for Editor in 0.28 ms, found 0 plugins.
Preloading 0 native plugins for Editor in 0.00 ms.
Unloading 1120 Unused Serialized files (Serialized files now loaded: 0)
System memory in use before: 57.7 MB.
System memory in use after: 57.8 MB.

Unloading 5 unused Assets to reduce memory usage. Loaded Objects now: 1571.
Total: 2.100000 ms (FindLiveObjects: 0.207000 ms CreateObjectMapping: 0.088900 ms MarkObjects: 1.740300 ms  DeleteObjects: 0.061500 ms)

========================================================================
Received Prepare
Default GameObject BitMask: CountDown already registered

Registering precompiled user dll's ...
Registered in 0.000954 seconds.
Begin MonoManager ReloadAssembly
Native extension for WindowsStandalone target not found
Native extension for WebGL target not found
Refreshing native plugins compatible for Editor in 0.23 ms, found 0 plugins.
Preloading 0 native plugins for Editor in 0.00 ms.
Mono: successfully reloaded assembly
- Completed reload, in  0.613 seconds
Platform modules already initialized, skipping
Refreshing native plugins compatible for Editor in 0.21 ms, found 0 plugins.
Preloading 0 native plugins for Editor in 0.00 ms.
Unloading 1120 Unused Serialized files (Serialized files now loaded: 0)
System memory in use before: 57.7 MB.
System memory in use after: 57.8 MB.

Unloading 5 unused Assets to reduce memory usage. Loaded Objects now: 1574.
Total: 2.068400 ms (FindLiveObjects: 0.248200 ms CreateObjectMapping: 0.059200 ms MarkObjects: 1.713200 ms  DeleteObjects: 0.046300 ms)

========================================================================
Received Prepare
Default GameObject BitMask: CountDown already registered

Registering precompiled user dll's ...
Registered in 0.001097 seconds.
Begin MonoManager ReloadAssembly
Native extension for WindowsStandalone target not found
Native extension for WebGL target not found
Refreshing native plugins compatible for Editor in 0.21 ms, found 0 plugins.
Preloading 0 native plugins for Editor in 0.00 ms.
Mono: successfully reloaded assembly
- Completed reload, in  0.601 seconds
Platform modules already initialized, skipping
Refreshing native plugins compatible for Editor in 0.22 ms, found 0 plugins.
Preloading 0 native plugins for Editor in 0.00 ms.
Unloading 1120 Unused Serialized files (Serialized files now loaded: 0)
System memory in use before: 57.8 MB.
System memory in use after: 57.8 MB.

Unloading 5 unused Assets to reduce memory usage. Loaded Objects now: 1577.
Total: 2.609600 ms (FindLiveObjects: 0.228500 ms CreateObjectMapping: 0.058900 ms MarkObjects: 2.204300 ms  DeleteObjects: 0.115900 ms)

========================================================================
Received Import Request.
  Time since last request: 96.329170 seconds.
  path: Assets/Prefab/Line.prefab
  artifactKey: Guid(ac384575f39de264ab7784ccb83db736) Importer(815301076,1909f56bfc062723c751e8b465ee728b)
Start importing Assets/Prefab/Line.prefab using Guid(ac384575f39de264ab7784ccb83db736) Importer(815301076,1909f56bfc062723c751e8b465ee728b)  -> (artifact id: 'a8ee9c491cde2764f3cfa74f90680a7e') in 0.023118 seconds
  Import took 0.027542 seconds .

========================================================================
Received Prepare
Default GameObject BitMask: CountDown already registered

Registering precompiled user dll's ...
Registered in 0.000716 seconds.
Begin MonoManager ReloadAssembly
Native extension for WindowsStandalone target not found
Native extension for WebGL target not found
Refreshing native plugins compatible for Editor in 0.36 ms, found 0 plugins.
Preloading 0 native plugins for Editor in 0.00 ms.
Mono: successfully reloaded assembly
- Completed reload, in  0.677 seconds
Platform modules already initialized, skipping
Refreshing native plugins compatible for Editor in 0.20 ms, found 0 plugins.
Preloading 0 native plugins for Editor in 0.00 ms.
Unloading 1120 Unused Serialized files (Serialized files now loaded: 0)
System memory in use before: 57.8 MB.
System memory in use after: 57.9 MB.

Unloading 5 unused Assets to reduce memory usage. Loaded Objects now: 1580.
Total: 1.676200 ms (FindLiveObjects: 0.130300 ms CreateObjectMapping: 0.024700 ms MarkObjects: 1.478400 ms  DeleteObjects: 0.041900 ms)

========================================================================
Received Prepare
Default GameObject BitMask: CountDown already registered

Registering precompiled user dll's ...
Registered in 0.000650 seconds.
Begin MonoManager ReloadAssembly
Native extension for WindowsStandalone target not found
Native extension for WebGL target not found
Refreshing native plugins compatible for Editor in 0.37 ms, found 0 plugins.
Preloading 0 native plugins for Editor in 0.00 ms.
Mono: successfully reloaded assembly
- Completed reload, in  0.630 seconds
Platform modules already initialized, skipping
Refreshing native plugins compatible for Editor in 0.32 ms, found 0 plugins.
Preloading 0 native plugins for Editor in 0.00 ms.
Unloading 1120 Unused Serialized files (Serialized files now loaded: 0)
System memory in use before: 57.8 MB.
System memory in use after: 57.9 MB.

Unloading 5 unused Assets to reduce memory usage. Loaded Objects now: 1583.
Total: 1.774100 ms (FindLiveObjects: 0.144900 ms CreateObjectMapping: 0.030000 ms MarkObjects: 1.541000 ms  DeleteObjects: 0.057200 ms)

========================================================================
Received Prepare
Default GameObject BitMask: CountDown already registered

Registering precompiled user dll's ...
Registered in 0.000819 seconds.
Begin MonoManager ReloadAssembly
Native extension for WindowsStandalone target not found
Native extension for WebGL target not found
Refreshing native plugins compatible for Editor in 0.21 ms, found 0 plugins.
Preloading 0 native plugins for Editor in 0.00 ms.
Mono: successfully reloaded assembly
- Completed reload, in  0.632 seconds
Platform modules already initialized, skipping
Refreshing native plugins compatible for Editor in 0.28 ms, found 0 plugins.
Preloading 0 native plugins for Editor in 0.00 ms.
Unloading 1120 Unused Serialized files (Serialized files now loaded: 0)
System memory in use before: 57.8 MB.
System memory in use after: 57.9 MB.

Unloading 5 unused Assets to reduce memory usage. Loaded Objects now: 1586.
Total: 1.999000 ms (FindLiveObjects: 0.244700 ms CreateObjectMapping: 0.052100 ms MarkObjects: 1.655400 ms  DeleteObjects: 0.045500 ms)

========================================================================
Received Prepare
Default GameObject BitMask: CountDown already registered

Registering precompiled user dll's ...
Registered in 0.000657 seconds.
Begin MonoManager ReloadAssembly
Native extension for WindowsStandalone target not found
Native extension for WebGL target not found
Refreshing native plugins compatible for Editor in 0.21 ms, found 0 plugins.
Preloading 0 native plugins for Editor in 0.00 ms.
Mono: successfully reloaded assembly
- Completed reload, in  0.635 seconds
Platform modules already initialized, skipping
Refreshing native plugins compatible for Editor in 0.21 ms, found 0 plugins.
Preloading 0 native plugins for Editor in 0.00 ms.
Unloading 1120 Unused Serialized files (Serialized files now loaded: 0)
System memory in use before: 57.8 MB.
System memory in use after: 57.9 MB.

Unloading 5 unused Assets to reduce memory usage. Loaded Objects now: 1589.
Total: 1.827100 ms (FindLiveObjects: 0.126500 ms CreateObjectMapping: 0.057300 ms MarkObjects: 1.580500 ms  DeleteObjects: 0.061400 ms)

========================================================================
Received Prepare
Default GameObject BitMask: CountDown already registered

Registering precompiled user dll's ...
Registered in 0.000865 seconds.
Begin MonoManager ReloadAssembly
Native extension for WindowsStandalone target not found
Native extension for WebGL target not found
Refreshing native plugins compatible for Editor in 0.21 ms, found 0 plugins.
Preloading 0 native plugins for Editor in 0.00 ms.
Mono: successfully reloaded assembly
- Completed reload, in  0.667 seconds
Platform modules already initialized, skipping
Refreshing native plugins compatible for Editor in 0.23 ms, found 0 plugins.
Preloading 0 native plugins for Editor in 0.00 ms.
Unloading 1120 Unused Serialized files (Serialized files now loaded: 0)
System memory in use before: 57.6 MB.
System memory in use after: 57.7 MB.

Unloading 5 unused Assets to reduce memory usage. Loaded Objects now: 1592.
Total: 1.300500 ms (FindLiveObjects: 0.157600 ms CreateObjectMapping: 0.020200 ms MarkObjects: 1.074100 ms  DeleteObjects: 0.047000 ms)

========================================================================
Received Prepare
Default GameObject BitMask: CountDown already registered

Registering precompiled user dll's ...
Registered in 0.001122 seconds.
Begin MonoManager ReloadAssembly
Native extension for WindowsStandalone target not found
Native extension for WebGL target not found
Refreshing native plugins compatible for Editor in 0.30 ms, found 0 plugins.
Preloading 0 native plugins for Editor in 0.00 ms.
Mono: successfully reloaded assembly
- Completed reload, in  0.992 seconds
Platform modules already initialized, skipping
Refreshing native plugins compatible for Editor in 0.22 ms, found 0 plugins.
Preloading 0 native plugins for Editor in 0.00 ms.
Unloading 1120 Unused Serialized files (Serialized files now loaded: 0)
System memory in use before: 57.7 MB.
System memory in use after: 57.7 MB.

Unloading 5 unused Assets to reduce memory usage. Loaded Objects now: 1595.
Total: 1.522000 ms (FindLiveObjects: 0.151700 ms CreateObjectMapping: 0.023200 ms MarkObjects: 1.295600 ms  DeleteObjects: 0.049700 ms)

========================================================================
Received Import Request.
  Time since last request: 1245.966191 seconds.
  path: Assets/Scripts/ClickOutside.cs
  artifactKey: Guid(6cc8eee40af1d3c4a973c5654dbbd851) Importer(815301076,1909f56bfc062723c751e8b465ee728b)
Start importing Assets/Scripts/ClickOutside.cs using Guid(6cc8eee40af1d3c4a973c5654dbbd851) Importer(815301076,1909f56bfc062723c751e8b465ee728b)  -> (artifact id: '1a8013423e00860b7f8a956a3e309743') in 0.014991 seconds
  Import took 0.017972 seconds .

========================================================================
Received Import Request.
  Time since last request: 0.009796 seconds.
  path: Assets/Scripts/ClickOutside.cs
  artifactKey: Guid(6cc8eee40af1d3c4a973c5654dbbd851) Importer(815301076,1909f56bfc062723c751e8b465ee728b)
Start importing Assets/Scripts/ClickOutside.cs using Guid(6cc8eee40af1d3c4a973c5654dbbd851) Importer(815301076,1909f56bfc062723c751e8b465ee728b)  -> (artifact id: '1a8013423e00860b7f8a956a3e309743') in 0.004329 seconds
  Import took 0.006543 seconds .

========================================================================
Received Import Request.
  Time since last request: 1.438542 seconds.
  path: Assets/Scripts/Canvas_Group.cs
  artifactKey: Guid(d81ee06982b39f2498e4210be6b41a5e) Importer(815301076,1909f56bfc062723c751e8b465ee728b)
Start importing Assets/Scripts/Canvas_Group.cs using Guid(d81ee06982b39f2498e4210be6b41a5e) Importer(815301076,1909f56bfc062723c751e8b465ee728b)  -> (artifact id: 'b1c7edd95be3b3d933a18d5807b6ba4f') in 0.006814 seconds
  Import took 0.009390 seconds .

========================================================================
Received Prepare
Default GameObject BitMask: CountDown already registered

Registering precompiled user dll's ...
Registered in 0.000719 seconds.
Begin MonoManager ReloadAssembly
Native extension for WindowsStandalone target not found
Native extension for WebGL target not found
Refreshing native plugins compatible for Editor in 0.34 ms, found 0 plugins.
Preloading 0 native plugins for Editor in 0.00 ms.
Mono: successfully reloaded assembly
- Completed reload, in  0.698 seconds
Platform modules already initialized, skipping
Refreshing native plugins compatible for Editor in 0.20 ms, found 0 plugins.
Preloading 0 native plugins for Editor in 0.00 ms.
Unloading 1119 Unused Serialized files (Serialized files now loaded: 0)
System memory in use before: 57.6 MB.
System memory in use after: 57.7 MB.

Unloading 6 unused Assets to reduce memory usage. Loaded Objects now: 1597.
Total: 2.025000 ms (FindLiveObjects: 0.246300 ms CreateObjectMapping: 0.032100 ms MarkObjects: 1.686700 ms  DeleteObjects: 0.058600 ms)

========================================================================
Received Import Request.
  Time since last request: 9.843972 seconds.
  path: Assets/Scripts/PasswordCheck.cs
  artifactKey: Guid(8658603243fd0724397030917b52a6c9) Importer(815301076,1909f56bfc062723c751e8b465ee728b)
Start importing Assets/Scripts/PasswordCheck.cs using Guid(8658603243fd0724397030917b52a6c9) Importer(815301076,1909f56bfc062723c751e8b465ee728b)  -> (artifact id: '2fee881c3def112dd43fa65e37ffd97f') in 0.008394 seconds
  Import took 0.011258 seconds .

========================================================================
Received Import Request.
  Time since last request: 0.311150 seconds.
  path: Assets/Scripts/TimerSystem.cs
  artifactKey: Guid(d1bab0c3545e44b4fbdbc537cf1b496e) Importer(815301076,1909f56bfc062723c751e8b465ee728b)
Start importing Assets/Scripts/TimerSystem.cs using Guid(d1bab0c3545e44b4fbdbc537cf1b496e) Importer(815301076,1909f56bfc062723c751e8b465ee728b)  -> (artifact id: '1cdf7d0a15e1347523a9426e36901e36') in 0.006935 seconds
  Import took 0.010214 seconds .

========================================================================
Received Import Request.
  Time since last request: 7.144964 seconds.
  path: Assets/Scripts/PatternCorrect.cs
  artifactKey: Guid(455822fe48827d04183ee1dc402b3583) Importer(815301076,1909f56bfc062723c751e8b465ee728b)
Start importing Assets/Scripts/PatternCorrect.cs using Guid(455822fe48827d04183ee1dc402b3583) Importer(815301076,1909f56bfc062723c751e8b465ee728b)  -> (artifact id: '2129f15b0c55c43045492ccd4f6b0203') in 0.005986 seconds
  Import took 0.009003 seconds .

========================================================================
Received Prepare
Default GameObject BitMask: CountDown already registered

Registering precompiled user dll's ...
Registered in 0.000661 seconds.
Begin MonoManager ReloadAssembly
Native extension for WindowsStandalone target not found
Native extension for WebGL target not found
Refreshing native plugins compatible for Editor in 0.23 ms, found 0 plugins.
Preloading 0 native plugins for Editor in 0.00 ms.
Mono: successfully reloaded assembly
- Completed reload, in  0.760 seconds
Platform modules already initialized, skipping
Refreshing native plugins compatible for Editor in 0.39 ms, found 0 plugins.
Preloading 0 native plugins for Editor in 0.00 ms.
Unloading 1120 Unused Serialized files (Serialized files now loaded: 0)
System memory in use before: 57.7 MB.
System memory in use after: 57.7 MB.

Unloading 5 unused Assets to reduce memory usage. Loaded Objects now: 1601.
Total: 1.870000 ms (FindLiveObjects: 0.230900 ms CreateObjectMapping: 0.073500 ms MarkObjects: 1.504000 ms  DeleteObjects: 0.060400 ms)

========================================================================
Received Prepare
Default GameObject BitMask: CountDown already registered

Registering precompiled user dll's ...
Registered in 0.000685 seconds.
Begin MonoManager ReloadAssembly
Native extension for WindowsStandalone target not found
Native extension for WebGL target not found
Refreshing native plugins compatible for Editor in 0.24 ms, found 0 plugins.
Preloading 0 native plugins for Editor in 0.00 ms.
Mono: successfully reloaded assembly
- Completed reload, in  0.657 seconds
Platform modules already initialized, skipping
Refreshing native plugins compatible for Editor in 0.23 ms, found 0 plugins.
Preloading 0 native plugins for Editor in 0.00 ms.
Unloading 1120 Unused Serialized files (Serialized files now loaded: 0)
System memory in use before: 57.7 MB.
System memory in use after: 57.7 MB.

Unloading 5 unused Assets to reduce memory usage. Loaded Objects now: 1604.
Total: 1.638000 ms (FindLiveObjects: 0.140100 ms CreateObjectMapping: 0.022400 ms MarkObjects: 1.410300 ms  DeleteObjects: 0.063700 ms)

========================================================================
Received Prepare
Default GameObject BitMask: CountDown already registered

Registering precompiled user dll's ...
Registered in 0.000730 seconds.
Begin MonoManager ReloadAssembly
Native extension for WindowsStandalone target not found
Native extension for WebGL target not found
Refreshing native plugins compatible for Editor in 0.21 ms, found 0 plugins.
Preloading 0 native plugins for Editor in 0.00 ms.
Mono: successfully reloaded assembly
- Completed reload, in  0.610 seconds
Platform modules already initialized, skipping
Refreshing native plugins compatible for Editor in 0.21 ms, found 0 plugins.
Preloading 0 native plugins for Editor in 0.00 ms.
Unloading 1120 Unused Serialized files (Serialized files now loaded: 0)
System memory in use before: 57.7 MB.
System memory in use after: 57.8 MB.

Unloading 5 unused Assets to reduce memory usage. Loaded Objects now: 1607.
Total: 1.825400 ms (FindLiveObjects: 0.200600 ms CreateObjectMapping: 0.036800 ms MarkObjects: 1.539400 ms  DeleteObjects: 0.047700 ms)

========================================================================
Received Prepare
Default GameObject BitMask: CountDown already registered

Registering precompiled user dll's ...
Registered in 0.000728 seconds.
Begin MonoManager ReloadAssembly
Native extension for WindowsStandalone target not found
Native extension for WebGL target not found
Refreshing native plugins compatible for Editor in 0.20 ms, found 0 plugins.
Preloading 0 native plugins for Editor in 0.00 ms.
Mono: successfully reloaded assembly
- Completed reload, in  0.633 seconds
Platform modules already initialized, skipping
Refreshing native plugins compatible for Editor in 0.20 ms, found 0 plugins.
Preloading 0 native plugins for Editor in 0.00 ms.
Unloading 1120 Unused Serialized files (Serialized files now loaded: 0)
System memory in use before: 57.7 MB.
System memory in use after: 57.8 MB.

Unloading 5 unused Assets to reduce memory usage. Loaded Objects now: 1610.
Total: 1.627600 ms (FindLiveObjects: 0.247800 ms CreateObjectMapping: 0.063200 ms MarkObjects: 1.243300 ms  DeleteObjects: 0.070200 ms)

========================================================================
Received Prepare
Default GameObject BitMask: CountDown already registered

Registering precompiled user dll's ...
Registered in 0.000694 seconds.
Begin MonoManager ReloadAssembly
Native extension for WindowsStandalone target not found
Native extension for WebGL target not found
Refreshing native plugins compatible for Editor in 0.21 ms, found 0 plugins.
Preloading 0 native plugins for Editor in 0.00 ms.
Mono: successfully reloaded assembly
- Completed reload, in  0.682 seconds
Platform modules already initialized, skipping
Refreshing native plugins compatible for Editor in 0.20 ms, found 0 plugins.
Preloading 0 native plugins for Editor in 0.00 ms.
Unloading 1119 Unused Serialized files (Serialized files now loaded: 0)
System memory in use before: 57.7 MB.
System memory in use after: 57.7 MB.

Unloading 6 unused Assets to reduce memory usage. Loaded Objects now: 1612.
Total: 1.358200 ms (FindLiveObjects: 0.158600 ms CreateObjectMapping: 0.023200 ms MarkObjects: 1.132100 ms  DeleteObjects: 0.042800 ms)

========================================================================
Received Prepare
Default GameObject BitMask: CountDown already registered

Registering precompiled user dll's ...
Registered in 0.000744 seconds.
Begin MonoManager ReloadAssembly
Native extension for WindowsStandalone target not found
Native extension for WebGL target not found
Refreshing native plugins compatible for Editor in 0.21 ms, found 0 plugins.
Preloading 0 native plugins for Editor in 0.00 ms.
Mono: successfully reloaded assembly
- Completed reload, in  0.880 seconds
Platform modules already initialized, skipping
Refreshing native plugins compatible for Editor in 0.36 ms, found 0 plugins.
Preloading 0 native plugins for Editor in 0.00 ms.
Unloading 1119 Unused Serialized files (Serialized files now loaded: 0)
System memory in use before: 57.7 MB.
System memory in use after: 57.7 MB.

Unloading 5 unused Assets to reduce memory usage. Loaded Objects now: 1615.
Total: 1.497800 ms (FindLiveObjects: 0.161200 ms CreateObjectMapping: 0.024900 ms MarkObjects: 1.240100 ms  DeleteObjects: 0.070300 ms)

========================================================================
Received Import Request.
  Time since last request: 1317.054811 seconds.
  path: Assets/Scripts/Click.cs
  artifactKey: Guid(888469274af241844af6400d221dbc40) Importer(815301076,1909f56bfc062723c751e8b465ee728b)
Start importing Assets/Scripts/Click.cs using Guid(888469274af241844af6400d221dbc40) Importer(815301076,1909f56bfc062723c751e8b465ee728b)  -> (artifact id: 'd3d639913f661eafb6604100a9a4a079') in 0.008806 seconds
  Import took 0.011858 seconds .

========================================================================
Received Import Request.
  Time since last request: 47.576665 seconds.
  path: Assets/Scripts/PassButton.cs
  artifactKey: Guid(92bf6d0716e8a7949ad206c258864ebf) Importer(815301076,1909f56bfc062723c751e8b465ee728b)
Start importing Assets/Scripts/PassButton.cs using Guid(92bf6d0716e8a7949ad206c258864ebf) Importer(815301076,1909f56bfc062723c751e8b465ee728b)  -> (artifact id: '5c9f32438545b44a5cba1ca7c3a0f5a0') in 0.006241 seconds
  Import took 0.008691 seconds .

========================================================================
Received Prepare
Default GameObject BitMask: CountDown already registered

Registering precompiled user dll's ...
Registered in 0.000747 seconds.
Begin MonoManager ReloadAssembly
Native extension for WindowsStandalone target not found
Native extension for WebGL target not found
Refreshing native plugins compatible for Editor in 0.23 ms, found 0 plugins.
Preloading 0 native plugins for Editor in 0.00 ms.
Mono: successfully reloaded assembly
- Completed reload, in  0.749 seconds
Platform modules already initialized, skipping
Refreshing native plugins compatible for Editor in 0.45 ms, found 0 plugins.
Preloading 0 native plugins for Editor in 0.00 ms.
Unloading 1120 Unused Serialized files (Serialized files now loaded: 0)
System memory in use before: 57.7 MB.
System memory in use after: 57.8 MB.

Unloading 5 unused Assets to reduce memory usage. Loaded Objects now: 1619.
Total: 1.586600 ms (FindLiveObjects: 0.150500 ms CreateObjectMapping: 0.026400 ms MarkObjects: 1.340600 ms  DeleteObjects: 0.068100 ms)

========================================================================
Received Prepare
Default GameObject BitMask: CountDown already registered

Registering precompiled user dll's ...
Registered in 0.000867 seconds.
Begin MonoManager ReloadAssembly
Native extension for WindowsStandalone target not found
Native extension for WebGL target not found
Refreshing native plugins compatible for Editor in 0.21 ms, found 0 plugins.
Preloading 0 native plugins for Editor in 0.00 ms.
Mono: successfully reloaded assembly
- Completed reload, in  0.691 seconds
Platform modules already initialized, skipping
Refreshing native plugins compatible for Editor in 0.20 ms, found 0 plugins.
Preloading 0 native plugins for Editor in 0.00 ms.
Unloading 1120 Unused Serialized files (Serialized files now loaded: 0)
System memory in use before: 57.7 MB.
System memory in use after: 57.8 MB.

Unloading 5 unused Assets to reduce memory usage. Loaded Objects now: 1622.
Total: 1.647800 ms (FindLiveObjects: 0.112400 ms CreateObjectMapping: 0.020600 ms MarkObjects: 1.450200 ms  DeleteObjects: 0.063600 ms)

========================================================================
Received Import Request.
  Time since last request: 195.296866 seconds.
  path: Assets/Scripts/buttonAction.cs
  artifactKey: Guid(d6051d3943fc5894da6787ada5a20521) Importer(815301076,1909f56bfc062723c751e8b465ee728b)
Start importing Assets/Scripts/buttonAction.cs using Guid(d6051d3943fc5894da6787ada5a20521) Importer(815301076,1909f56bfc062723c751e8b465ee728b)  -> (artifact id: 'c244d325d6b9bd0c3c8e4e5442ed6dcb') in 0.006730 seconds
  Import took 0.009857 seconds .

========================================================================
Received Prepare
Default GameObject BitMask: CountDown already registered

Registering precompiled user dll's ...
Registered in 0.000954 seconds.
Begin MonoManager ReloadAssembly
Native extension for WindowsStandalone target not found
Native extension for WebGL target not found
Refreshing native plugins compatible for Editor in 0.21 ms, found 0 plugins.
Preloading 0 native plugins for Editor in 0.00 ms.
Mono: successfully reloaded assembly
- Completed reload, in  0.646 seconds
Platform modules already initialized, skipping
Refreshing native plugins compatible for Editor in 0.22 ms, found 0 plugins.
Preloading 0 native plugins for Editor in 0.00 ms.
Unloading 1120 Unused Serialized files (Serialized files now loaded: 0)
System memory in use before: 57.7 MB.
System memory in use after: 57.8 MB.

Unloading 5 unused Assets to reduce memory usage. Loaded Objects now: 1625.
Total: 1.578800 ms (FindLiveObjects: 0.115500 ms CreateObjectMapping: 0.039700 ms MarkObjects: 1.375300 ms  DeleteObjects: 0.047200 ms)

========================================================================
Received Prepare
Default GameObject BitMask: CountDown already registered

Registering precompiled user dll's ...
Registered in 0.001245 seconds.
Begin MonoManager ReloadAssembly
Native extension for WindowsStandalone target not found
Native extension for WebGL target not found
Refreshing native plugins compatible for Editor in 0.21 ms, found 0 plugins.
Preloading 0 native plugins for Editor in 0.00 ms.
Mono: successfully reloaded assembly
- Completed reload, in  0.626 seconds
Platform modules already initialized, skipping
Refreshing native plugins compatible for Editor in 0.20 ms, found 0 plugins.
Preloading 0 native plugins for Editor in 0.00 ms.
Unloading 1120 Unused Serialized files (Serialized files now loaded: 0)
System memory in use before: 57.7 MB.
System memory in use after: 57.8 MB.

Unloading 5 unused Assets to reduce memory usage. Loaded Objects now: 1628.
Total: 1.433900 ms (FindLiveObjects: 0.208200 ms CreateObjectMapping: 0.037900 ms MarkObjects: 1.129800 ms  DeleteObjects: 0.055800 ms)

========================================================================
Received Prepare
Default GameObject BitMask: CountDown already registered

Registering precompiled user dll's ...
Registered in 0.001565 seconds.
Begin MonoManager ReloadAssembly
Native extension for WindowsStandalone target not found
Native extension for WebGL target not found
Refreshing native plugins compatible for Editor in 0.40 ms, found 0 plugins.
Preloading 0 native plugins for Editor in 0.00 ms.
Mono: successfully reloaded assembly
- Completed reload, in  1.051 seconds
Platform modules already initialized, skipping
Refreshing native plugins compatible for Editor in 0.53 ms, found 0 plugins.
Preloading 0 native plugins for Editor in 0.00 ms.
Unloading 1120 Unused Serialized files (Serialized files now loaded: 0)
System memory in use before: 57.7 MB.
System memory in use after: 57.8 MB.

Unloading 5 unused Assets to reduce memory usage. Loaded Objects now: 1631.
Total: 2.694300 ms (FindLiveObjects: 0.271000 ms CreateObjectMapping: 0.101500 ms MarkObjects: 2.252100 ms  DeleteObjects: 0.067200 ms)

========================================================================
Received Prepare
Default GameObject BitMask: CountDown already registered

Registering precompiled user dll's ...
Registered in 0.000770 seconds.
Begin MonoManager ReloadAssembly
Native extension for WindowsStandalone target not found
Native extension for WebGL target not found
Refreshing native plugins compatible for Editor in 0.20 ms, found 0 plugins.
Preloading 0 native plugins for Editor in 0.00 ms.
Mono: successfully reloaded assembly
- Completed reload, in  0.579 seconds
Platform modules already initialized, skipping
Refreshing native plugins compatible for Editor in 0.23 ms, found 0 plugins.
Preloading 0 native plugins for Editor in 0.00 ms.
Unloading 1120 Unused Serialized files (Serialized files now loaded: 0)
System memory in use before: 57.8 MB.
System memory in use after: 57.8 MB.

Unloading 5 unused Assets to reduce memory usage. Loaded Objects now: 1634.
Total: 1.483900 ms (FindLiveObjects: 0.150500 ms CreateObjectMapping: 0.029300 ms MarkObjects: 1.254000 ms  DeleteObjects: 0.048700 ms)

========================================================================
Received Import Request.
  Time since last request: 310.711588 seconds.
  path: Assets/Scripts/PasswordCheck.cs
  artifactKey: Guid(8658603243fd0724397030917b52a6c9) Importer(815301076,1909f56bfc062723c751e8b465ee728b)
Start importing Assets/Scripts/PasswordCheck.cs using Guid(8658603243fd0724397030917b52a6c9) Importer(815301076,1909f56bfc062723c751e8b465ee728b)  -> (artifact id: '0f335ce1947d90a92bb9d891dcb918f1') in 0.005369 seconds
  Import took 0.009470 seconds .

========================================================================
Received Import Request.
  Time since last request: 124.836520 seconds.
  path: Assets/Scripts/Click.cs
  artifactKey: Guid(888469274af241844af6400d221dbc40) Importer(815301076,1909f56bfc062723c751e8b465ee728b)
Start importing Assets/Scripts/Click.cs using Guid(888469274af241844af6400d221dbc40) Importer(815301076,1909f56bfc062723c751e8b465ee728b)  -> (artifact id: 'e74d19685079b65315d66cd5132f37f4') in 0.004402 seconds
  Import took 0.007439 seconds .

========================================================================
Received Import Request.
  Time since last request: 14.424296 seconds.
  path: Assets/Scripts/PassButton.cs
  artifactKey: Guid(92bf6d0716e8a7949ad206c258864ebf) Importer(815301076,1909f56bfc062723c751e8b465ee728b)
Start importing Assets/Scripts/PassButton.cs using Guid(92bf6d0716e8a7949ad206c258864ebf) Importer(815301076,1909f56bfc062723c751e8b465ee728b)  -> (artifact id: '349bb9a75b35d309a04a4fce27b6cb12') in 0.003734 seconds
  Import took 0.008559 seconds .

========================================================================
Received Prepare
Default GameObject BitMask: CountDown already registered

Registering precompiled user dll's ...
Registered in 0.000828 seconds.
Begin MonoManager ReloadAssembly
Native extension for WindowsStandalone target not found
Native extension for WebGL target not found
Refreshing native plugins compatible for Editor in 0.21 ms, found 0 plugins.
Preloading 0 native plugins for Editor in 0.00 ms.
Mono: successfully reloaded assembly
- Completed reload, in  0.627 seconds
Platform modules already initialized, skipping
Refreshing native plugins compatible for Editor in 0.20 ms, found 0 plugins.
Preloading 0 native plugins for Editor in 0.00 ms.
Unloading 1120 Unused Serialized files (Serialized files now loaded: 0)
System memory in use before: 57.8 MB.
System memory in use after: 57.8 MB.

Unloading 5 unused Assets to reduce memory usage. Loaded Objects now: 1637.
Total: 1.983700 ms (FindLiveObjects: 0.195200 ms CreateObjectMapping: 0.027700 ms MarkObjects: 1.713900 ms  DeleteObjects: 0.046000 ms)

========================================================================
Received Import Request.
  Time since last request: 16.697813 seconds.
  path: Assets/Scripts/PassButton.cs
  artifactKey: Guid(92bf6d0716e8a7949ad206c258864ebf) Importer(815301076,1909f56bfc062723c751e8b465ee728b)
Start importing Assets/Scripts/PassButton.cs using Guid(92bf6d0716e8a7949ad206c258864ebf) Importer(815301076,1909f56bfc062723c751e8b465ee728b)  -> (artifact id: '70d132fe7e63127c88b2410f0f4da0ed') in 0.004998 seconds
  Import took 0.009598 seconds .

========================================================================
Received Prepare
Default GameObject BitMask: CountDown already registered

Registering precompiled user dll's ...
Registered in 0.000814 seconds.
Begin MonoManager ReloadAssembly
Native extension for WindowsStandalone target not found
Native extension for WebGL target not found
Refreshing native plugins compatible for Editor in 0.24 ms, found 0 plugins.
Preloading 0 native plugins for Editor in 0.00 ms.
Mono: successfully reloaded assembly
- Completed reload, in  0.607 seconds
Platform modules already initialized, skipping
Refreshing native plugins compatible for Editor in 0.34 ms, found 0 plugins.
Preloading 0 native plugins for Editor in 0.00 ms.
Unloading 1120 Unused Serialized files (Serialized files now loaded: 0)
System memory in use before: 57.8 MB.
System memory in use after: 57.8 MB.

Unloading 5 unused Assets to reduce memory usage. Loaded Objects now: 1640.
Total: 1.396600 ms (FindLiveObjects: 0.190200 ms CreateObjectMapping: 0.030900 ms MarkObjects: 1.110300 ms  DeleteObjects: 0.064100 ms)

========================================================================
Received Prepare
Default GameObject BitMask: CountDown already registered

Registering precompiled user dll's ...
Registered in 0.000750 seconds.
Begin MonoManager ReloadAssembly
Native extension for WindowsStandalone target not found
Native extension for WebGL target not found
Refreshing native plugins compatible for Editor in 0.24 ms, found 0 plugins.
Preloading 0 native plugins for Editor in 0.00 ms.
Mono: successfully reloaded assembly
- Completed reload, in  0.638 seconds
Platform modules already initialized, skipping
Refreshing native plugins compatible for Editor in 0.23 ms, found 0 plugins.
Preloading 0 native plugins for Editor in 0.00 ms.
Unloading 1120 Unused Serialized files (Serialized files now loaded: 0)
System memory in use before: 57.8 MB.
System memory in use after: 57.8 MB.

Unloading 5 unused Assets to reduce memory usage. Loaded Objects now: 1643.
Total: 1.484700 ms (FindLiveObjects: 0.166900 ms CreateObjectMapping: 0.027100 ms MarkObjects: 1.247000 ms  DeleteObjects: 0.042600 ms)

========================================================================
Received Prepare
Default GameObject BitMask: CountDown already registered

Registering precompiled user dll's ...
Registered in 0.000998 seconds.
Begin MonoManager ReloadAssembly
Native extension for WindowsStandalone target not found
Native extension for WebGL target not found
Refreshing native plugins compatible for Editor in 0.26 ms, found 0 plugins.
Preloading 0 native plugins for Editor in 0.00 ms.
Mono: successfully reloaded assembly
- Completed reload, in  0.618 seconds
Platform modules already initialized, skipping
Refreshing native plugins compatible for Editor in 0.24 ms, found 0 plugins.
Preloading 0 native plugins for Editor in 0.00 ms.
Unloading 1120 Unused Serialized files (Serialized files now loaded: 0)
System memory in use before: 57.8 MB.
System memory in use after: 57.8 MB.

Unloading 5 unused Assets to reduce memory usage. Loaded Objects now: 1646.
Total: 1.734500 ms (FindLiveObjects: 0.249900 ms CreateObjectMapping: 0.045200 ms MarkObjects: 1.383700 ms  DeleteObjects: 0.054300 ms)

========================================================================
Received Import Request.
  Time since last request: 277.481854 seconds.
  path: Assets/Colors/Laptop_Color
  artifactKey: Guid(88675f476254a244e85f73b826de6a33) Importer(815301076,1909f56bfc062723c751e8b465ee728b)
Start importing Assets/Colors/Laptop_Color using Guid(88675f476254a244e85f73b826de6a33) Importer(815301076,1909f56bfc062723c751e8b465ee728b)  -> (artifact id: '7442e59084ff6b8986b42e1a8a5febf0') in 0.010091 seconds
  Import took 0.012381 seconds .

========================================================================
Received Import Request.
  Time since last request: 0.000586 seconds.
  path: Assets/Colors/Laptop_Color
  artifactKey: Guid(88675f476254a244e85f73b826de6a33) Importer(815301076,1909f56bfc062723c751e8b465ee728b)
Start importing Assets/Colors/Laptop_Color using Guid(88675f476254a244e85f73b826de6a33) Importer(815301076,1909f56bfc062723c751e8b465ee728b)  -> (artifact id: '7442e59084ff6b8986b42e1a8a5febf0') in 0.004049 seconds
  Import took 0.005937 seconds .

========================================================================
Received Import Request.
  Time since last request: 24.359474 seconds.
  path: Assets/Prefab/Line.prefab
  artifactKey: Guid(ac384575f39de264ab7784ccb83db736) Importer(815301076,1909f56bfc062723c751e8b465ee728b)
Start importing Assets/Prefab/Line.prefab using Guid(ac384575f39de264ab7784ccb83db736) Importer(815301076,1909f56bfc062723c751e8b465ee728b)  -> (artifact id: '7666a45dc5695101be19400fc0c9c20e') in 0.029628 seconds
  Import took 0.032060 seconds .

========================================================================
Received Prepare
Default GameObject BitMask: CountDown already registered

Registering precompiled user dll's ...
Registered in 0.000691 seconds.
Begin MonoManager ReloadAssembly
Native extension for WindowsStandalone target not found
Native extension for WebGL target not found
Refreshing native plugins compatible for Editor in 0.26 ms, found 0 plugins.
Preloading 0 native plugins for Editor in 0.00 ms.
Mono: successfully reloaded assembly
- Completed reload, in  0.623 seconds
Platform modules already initialized, skipping
Refreshing native plugins compatible for Editor in 0.21 ms, found 0 plugins.
Preloading 0 native plugins for Editor in 0.00 ms.
Unloading 1120 Unused Serialized files (Serialized files now loaded: 0)
System memory in use before: 57.8 MB.
System memory in use after: 57.9 MB.

Unloading 5 unused Assets to reduce memory usage. Loaded Objects now: 1649.
Total: 1.829700 ms (FindLiveObjects: 0.181100 ms CreateObjectMapping: 0.052600 ms MarkObjects: 1.535400 ms  DeleteObjects: 0.059500 ms)

========================================================================
Received Prepare
Default GameObject BitMask: CountDown already registered

Registering precompiled user dll's ...
Registered in 0.000974 seconds.
Begin MonoManager ReloadAssembly
Native extension for WindowsStandalone target not found
Native extension for WebGL target not found
Refreshing native plugins compatible for Editor in 0.65 ms, found 0 plugins.
Preloading 0 native plugins for Editor in 0.00 ms.
Mono: successfully reloaded assembly
- Completed reload, in  0.639 seconds
Platform modules already initialized, skipping
Refreshing native plugins compatible for Editor in 0.22 ms, found 0 plugins.
Preloading 0 native plugins for Editor in 0.00 ms.
Unloading 1120 Unused Serialized files (Serialized files now loaded: 0)
System memory in use before: 57.8 MB.
System memory in use after: 57.9 MB.

Unloading 5 unused Assets to reduce memory usage. Loaded Objects now: 1652.
Total: 1.837400 ms (FindLiveObjects: 0.203700 ms CreateObjectMapping: 0.037900 ms MarkObjects: 1.548100 ms  DeleteObjects: 0.046400 ms)

========================================================================
Received Prepare
Default GameObject BitMask: CountDown already registered

Registering precompiled user dll's ...
Registered in 0.000687 seconds.
Begin MonoManager ReloadAssembly
Native extension for WindowsStandalone target not found
Native extension for WebGL target not found
Refreshing native plugins compatible for Editor in 0.22 ms, found 0 plugins.
Preloading 0 native plugins for Editor in 0.00 ms.
Mono: successfully reloaded assembly
- Completed reload, in  0.680 seconds
Platform modules already initialized, skipping
Refreshing native plugins compatible for Editor in 0.21 ms, found 0 plugins.
Preloading 0 native plugins for Editor in 0.00 ms.
Unloading 1120 Unused Serialized files (Serialized files now loaded: 0)
System memory in use before: 57.8 MB.
System memory in use after: 57.9 MB.

Unloading 5 unused Assets to reduce memory usage. Loaded Objects now: 1655.
Total: 1.302700 ms (FindLiveObjects: 0.116000 ms CreateObjectMapping: 0.022700 ms MarkObjects: 1.121600 ms  DeleteObjects: 0.041400 ms)

========================================================================
Received Prepare
Default GameObject BitMask: CountDown already registered

Registering precompiled user dll's ...
Registered in 0.000979 seconds.
Begin MonoManager ReloadAssembly
Native extension for WindowsStandalone target not found
Native extension for WebGL target not found
Refreshing native plugins compatible for Editor in 0.21 ms, found 0 plugins.
Preloading 0 native plugins for Editor in 0.00 ms.
Mono: successfully reloaded assembly
- Completed reload, in  0.623 seconds
Platform modules already initialized, skipping
Refreshing native plugins compatible for Editor in 0.20 ms, found 0 plugins.
Preloading 0 native plugins for Editor in 0.00 ms.
Unloading 1120 Unused Serialized files (Serialized files now loaded: 0)
System memory in use before: 57.8 MB.
System memory in use after: 57.9 MB.

Unloading 5 unused Assets to reduce memory usage. Loaded Objects now: 1658.
Total: 1.287400 ms (FindLiveObjects: 0.107900 ms CreateObjectMapping: 0.022800 ms MarkObjects: 1.111800 ms  DeleteObjects: 0.043900 ms)

========================================================================
Received Prepare
Default GameObject BitMask: CountDown already registered

Registering precompiled user dll's ...
Registered in 0.000756 seconds.
Begin MonoManager ReloadAssembly
Native extension for WindowsStandalone target not found
Native extension for WebGL target not found
Refreshing native plugins compatible for Editor in 0.24 ms, found 0 plugins.
Preloading 0 native plugins for Editor in 0.00 ms.
Mono: successfully reloaded assembly
- Completed reload, in  0.671 seconds
Platform modules already initialized, skipping
Refreshing native plugins compatible for Editor in 0.19 ms, found 0 plugins.
Preloading 0 native plugins for Editor in 0.00 ms.
Unloading 1120 Unused Serialized files (Serialized files now loaded: 0)
System memory in use before: 57.8 MB.
System memory in use after: 57.9 MB.

Unloading 5 unused Assets to reduce memory usage. Loaded Objects now: 1661.
Total: 1.262400 ms (FindLiveObjects: 0.123500 ms CreateObjectMapping: 0.038500 ms MarkObjects: 1.053000 ms  DeleteObjects: 0.045400 ms)

========================================================================
Received Prepare
Default GameObject BitMask: CountDown already registered

Registering precompiled user dll's ...
Registered in 0.001113 seconds.
Begin MonoManager ReloadAssembly
Native extension for WindowsStandalone target not found
Native extension for WebGL target not found
Refreshing native plugins compatible for Editor in 0.23 ms, found 0 plugins.
Preloading 0 native plugins for Editor in 0.00 ms.
Mono: successfully reloaded assembly
- Completed reload, in  0.626 seconds
Platform modules already initialized, skipping
Refreshing native plugins compatible for Editor in 0.20 ms, found 0 plugins.
Preloading 0 native plugins for Editor in 0.00 ms.
Unloading 1120 Unused Serialized files (Serialized files now loaded: 0)
System memory in use before: 57.8 MB.
System memory in use after: 57.9 MB.

Unloading 5 unused Assets to reduce memory usage. Loaded Objects now: 1664.
Total: 2.674200 ms (FindLiveObjects: 0.296500 ms CreateObjectMapping: 0.067300 ms MarkObjects: 2.245300 ms  DeleteObjects: 0.063500 ms)

========================================================================
Received Prepare
Default GameObject BitMask: CountDown already registered

Registering precompiled user dll's ...
Registered in 0.001059 seconds.
Begin MonoManager ReloadAssembly
Native extension for WindowsStandalone target not found
Native extension for WebGL target not found
Refreshing native plugins compatible for Editor in 0.21 ms, found 0 plugins.
Preloading 0 native plugins for Editor in 0.00 ms.
Mono: successfully reloaded assembly
- Completed reload, in  0.675 seconds
Platform modules already initialized, skipping
Refreshing native plugins compatible for Editor in 0.21 ms, found 0 plugins.
Preloading 0 native plugins for Editor in 0.00 ms.
Unloading 1120 Unused Serialized files (Serialized files now loaded: 0)
System memory in use before: 57.8 MB.
System memory in use after: 57.9 MB.

Unloading 5 unused Assets to reduce memory usage. Loaded Objects now: 1667.
Total: 1.449700 ms (FindLiveObjects: 0.151100 ms CreateObjectMapping: 0.028600 ms MarkObjects: 1.219400 ms  DeleteObjects: 0.049500 ms)

========================================================================
Received Prepare
Default GameObject BitMask: CountDown already registered

Registering precompiled user dll's ...
Registered in 0.000683 seconds.
Begin MonoManager ReloadAssembly
Native extension for WindowsStandalone target not found
Native extension for WebGL target not found
Refreshing native plugins compatible for Editor in 0.23 ms, found 0 plugins.
Preloading 0 native plugins for Editor in 0.00 ms.
Mono: successfully reloaded assembly
- Completed reload, in  0.644 seconds
Platform modules already initialized, skipping
Refreshing native plugins compatible for Editor in 0.26 ms, found 0 plugins.
Preloading 0 native plugins for Editor in 0.00 ms.
Unloading 1120 Unused Serialized files (Serialized files now loaded: 0)
System memory in use before: 57.8 MB.
System memory in use after: 57.9 MB.

Unloading 5 unused Assets to reduce memory usage. Loaded Objects now: 1670.
Total: 1.654500 ms (FindLiveObjects: 0.281900 ms CreateObjectMapping: 0.021500 ms MarkObjects: 1.305200 ms  DeleteObjects: 0.044900 ms)

========================================================================
Received Prepare
Default GameObject BitMask: CountDown already registered

Registering precompiled user dll's ...
Registered in 0.000720 seconds.
Begin MonoManager ReloadAssembly
Native extension for WindowsStandalone target not found
Native extension for WebGL target not found
Refreshing native plugins compatible for Editor in 0.22 ms, found 0 plugins.
Preloading 0 native plugins for Editor in 0.00 ms.
Mono: successfully reloaded assembly
- Completed reload, in  0.680 seconds
Platform modules already initialized, skipping
Refreshing native plugins compatible for Editor in 0.21 ms, found 0 plugins.
Preloading 0 native plugins for Editor in 0.00 ms.
Unloading 1120 Unused Serialized files (Serialized files now loaded: 0)
System memory in use before: 57.8 MB.
System memory in use after: 57.9 MB.

Unloading 5 unused Assets to reduce memory usage. Loaded Objects now: 1673.
Total: 1.679000 ms (FindLiveObjects: 0.176200 ms CreateObjectMapping: 0.041600 ms MarkObjects: 1.372600 ms  DeleteObjects: 0.087200 ms)

========================================================================
Received Prepare
Default GameObject BitMask: CountDown already registered

Registering precompiled user dll's ...
Registered in 0.000862 seconds.
Begin MonoManager ReloadAssembly
Native extension for WindowsStandalone target not found
Native extension for WebGL target not found
Refreshing native plugins compatible for Editor in 0.25 ms, found 0 plugins.
Preloading 0 native plugins for Editor in 0.00 ms.
Mono: successfully reloaded assembly
- Completed reload, in  0.628 seconds
Platform modules already initialized, skipping
Refreshing native plugins compatible for Editor in 0.20 ms, found 0 plugins.
Preloading 0 native plugins for Editor in 0.00 ms.
Unloading 1120 Unused Serialized files (Serialized files now loaded: 0)
System memory in use before: 57.8 MB.
System memory in use after: 57.9 MB.

Unloading 5 unused Assets to reduce memory usage. Loaded Objects now: 1676.
Total: 1.497500 ms (FindLiveObjects: 0.192900 ms CreateObjectMapping: 0.023400 ms MarkObjects: 1.220300 ms  DeleteObjects: 0.059900 ms)

========================================================================
Received Prepare
Default GameObject BitMask: CountDown already registered

Registering precompiled user dll's ...
Registered in 0.001014 seconds.
Begin MonoManager ReloadAssembly
Native extension for WindowsStandalone target not found
Native extension for WebGL target not found
Refreshing native plugins compatible for Editor in 0.23 ms, found 0 plugins.
Preloading 0 native plugins for Editor in 0.00 ms.
Mono: successfully reloaded assembly
- Completed reload, in  0.637 seconds
Platform modules already initialized, skipping
Refreshing native plugins compatible for Editor in 0.20 ms, found 0 plugins.
Preloading 0 native plugins for Editor in 0.00 ms.
Unloading 1120 Unused Serialized files (Serialized files now loaded: 0)
System memory in use before: 57.8 MB.
System memory in use after: 57.9 MB.

Unloading 5 unused Assets to reduce memory usage. Loaded Objects now: 1679.
Total: 1.948200 ms (FindLiveObjects: 0.303800 ms CreateObjectMapping: 0.028800 ms MarkObjects: 1.570600 ms  DeleteObjects: 0.043100 ms)

========================================================================
Received Prepare
Default GameObject BitMask: CountDown already registered

Registering precompiled user dll's ...
Registered in 0.000826 seconds.
Begin MonoManager ReloadAssembly
Native extension for WindowsStandalone target not found
Native extension for WebGL target not found
Refreshing native plugins compatible for Editor in 0.20 ms, found 0 plugins.
Preloading 0 native plugins for Editor in 0.00 ms.
Mono: successfully reloaded assembly
- Completed reload, in  0.587 seconds
Platform modules already initialized, skipping
Refreshing native plugins compatible for Editor in 0.21 ms, found 0 plugins.
Preloading 0 native plugins for Editor in 0.00 ms.
Unloading 1120 Unused Serialized files (Serialized files now loaded: 0)
System memory in use before: 57.8 MB.
System memory in use after: 57.9 MB.

Unloading 5 unused Assets to reduce memory usage. Loaded Objects now: 1682.
Total: 1.578800 ms (FindLiveObjects: 0.161500 ms CreateObjectMapping: 0.028500 ms MarkObjects: 1.324100 ms  DeleteObjects: 0.056400 ms)

========================================================================
Received Prepare
Default GameObject BitMask: CountDown already registered

Registering precompiled user dll's ...
Registered in 0.000764 seconds.
Begin MonoManager ReloadAssembly
Native extension for WindowsStandalone target not found
Native extension for WebGL target not found
Refreshing native plugins compatible for Editor in 0.21 ms, found 0 plugins.
Preloading 0 native plugins for Editor in 0.00 ms.
Mono: successfully reloaded assembly
- Completed reload, in  0.592 seconds
Platform modules already initialized, skipping
Refreshing native plugins compatible for Editor in 0.31 ms, found 0 plugins.
Preloading 0 native plugins for Editor in 0.00 ms.
Unloading 1120 Unused Serialized files (Serialized files now loaded: 0)
System memory in use before: 57.9 MB.
System memory in use after: 57.9 MB.

Unloading 5 unused Assets to reduce memory usage. Loaded Objects now: 1685.
Total: 1.563700 ms (FindLiveObjects: 0.168600 ms CreateObjectMapping: 0.027100 ms MarkObjects: 1.326800 ms  DeleteObjects: 0.040100 ms)

AssetImportWorkerClient::OnTransportError - code=2 error=End of file
